[36m[2026-01-14 11:32:12 DEBUG] [__init__:101][39m ###############################################################################
[36m[2026-01-14 11:32:12 DEBUG] [__init__:102][39m Running command 'run'
[36m[2026-01-14 11:32:12 DEBUG] [__init__:106][39m Using settings file 'C:\Users\ferkhan\.chaostoolkit\settings.yaml'
[36m[2026-01-14 11:32:14 DEBUG] [settings:31][39m The Chaos Toolkit settings file could not be found at 'C:\Users\ferkhan\.chaostoolkit\settings.yaml'.
[36m[2026-01-14 11:32:14 DEBUG] [__init__:472][39m No controls to apply on 'loader'
[36m[2026-01-14 11:32:14 DEBUG] [__init__:472][39m No controls to apply on 'loader'
[36m[2026-01-14 11:32:14 DEBUG] [caching:24][39m Building activity cache...
[36m[2026-01-14 11:32:14 DEBUG] [caching:35][39m Cached 4 activities
[32m[2026-01-14 11:32:14 INFO] [experiment:59][39m Validating the experiment's syntax
[36m[2026-01-14 11:32:14 DEBUG] [configuration:64][39m Loading configuration...
[36m[2026-01-14 11:32:14 DEBUG] [secret:79][39m Loading secrets...
[36m[2026-01-14 11:32:14 DEBUG] [secret:104][39m Done loading secrets
[32m[2026-01-14 11:32:14 INFO] [experiment:112][39m Experiment looks valid
[36m[2026-01-14 11:32:14 DEBUG] [caching:42][39m Clearing activities cache
[36m[2026-01-14 11:32:14 DEBUG] [run:224][39m Runtime strategies: hypothesis - default / rollbacks - default
[36m[2026-01-14 11:32:14 DEBUG] [caching:24][39m Building activity cache...
[36m[2026-01-14 11:32:14 DEBUG] [caching:35][39m Cached 4 activities
[36m[2026-01-14 11:32:14 DEBUG] [configuration:64][39m Loading configuration...
[36m[2026-01-14 11:32:14 DEBUG] [secret:79][39m Loading secrets...
[36m[2026-01-14 11:32:14 DEBUG] [secret:104][39m Done loading secrets
[36m[2026-01-14 11:32:14 DEBUG] [configuration:161][39m Loading dynamic configuration...
[36m[2026-01-14 11:32:14 DEBUG] [exit:91][39m System 'Windows-11-10.0.26200-SP0' does not expose SIGUSR signals
[32m[2026-01-14 11:32:14 INFO] [run:440][39m Running experiment: What happens if a backend service crashes?
[36m[2026-01-14 11:32:14 DEBUG] [__init__:67][39m Initializing controls
[32m[2026-01-14 11:32:14 INFO] [run:471][39m Steady-state strategy: default
[32m[2026-01-14 11:32:14 INFO] [run:477][39m Rollbacks strategy: default
[36m[2026-01-14 11:32:14 DEBUG] [__init__:472][39m No controls to apply on 'experiment'
[36m[2026-01-14 11:32:14 DEBUG] [run:654][39m Running steady-state hypothesis before the method
[32m[2026-01-14 11:32:14 INFO] [hypothesis:205][39m Steady state hypothesis: Service is responding normally
[36m[2026-01-14 11:32:14 DEBUG] [__init__:472][39m No controls to apply on 'hypothesis'
[36m[2026-01-14 11:32:14 DEBUG] [__init__:472][39m No controls to apply on 'activity'
[32m[2026-01-14 11:32:14 INFO] [activity:232][39m Probe: service-is-running
[36m[2026-01-14 11:32:14 DEBUG] [activity:260][39m   => succeeded with 'True'
[36m[2026-01-14 11:32:14 DEBUG] [__init__:472][39m No controls to apply on 'activity'
[36m[2026-01-14 11:32:14 DEBUG] [hypothesis:247][39m allowed tolerance is True
[36m[2026-01-14 11:32:14 DEBUG] [__init__:472][39m No controls to apply on 'activity'
[32m[2026-01-14 11:32:14 INFO] [activity:232][39m Probe: api-responds
[36m[2026-01-14 11:32:18 DEBUG] [activity:317][39m Activity failed
    Traceback (most recent call last):
      File "C:\Users\ferkhan\AppData\Local\Packages\PythonSoftwareFoundation.Python.3.13_qbz5n2kfra8p0\LocalCache\local-packages\Python313\site-packages\urllib3\connection.py", line 204, in _new_conn
        sock = connection.create_connection(
            (self._dns_host, self.port),
        ...<2 lines>...
            socket_options=self.socket_options,
        )
      File "C:\Users\ferkhan\AppData\Local\Packages\PythonSoftwareFoundation.Python.3.13_qbz5n2kfra8p0\LocalCache\local-packages\Python313\site-packages\urllib3\util\connection.py", line 85, in create_connection
        raise err
      File "C:\Users\ferkhan\AppData\Local\Packages\PythonSoftwareFoundation.Python.3.13_qbz5n2kfra8p0\LocalCache\local-packages\Python313\site-packages\urllib3\util\connection.py", line 73, in create_connection
        sock.connect(sa)
        ~~~~~~~~~~~~^^^^
    ConnectionRefusedError: [WinError 10061] No connection could be made because the target machine actively refused it
    
    The above exception was the direct cause of the following exception:
    
    Traceback (most recent call last):
      File "C:\Users\ferkhan\AppData\Local\Packages\PythonSoftwareFoundation.Python.3.13_qbz5n2kfra8p0\LocalCache\local-packages\Python313\site-packages\urllib3\connectionpool.py", line 787, in urlopen
        response = self._make_request(
            conn,
        ...<10 lines>...
            **response_kw,
        )
      File "C:\Users\ferkhan\AppData\Local\Packages\PythonSoftwareFoundation.Python.3.13_qbz5n2kfra8p0\LocalCache\local-packages\Python313\site-packages\urllib3\connectionpool.py", line 493, in _make_request
        conn.request(
        ~~~~~~~~~~~~^
            method,
            ^^^^^^^
        ...<6 lines>...
            enforce_content_length=enforce_content_length,
            ^^^^^^^^^^^^^^^^^^^^^^^^^^^^^^^^^^^^^^^^^^^^^^
        )
        ^
      File "C:\Users\ferkhan\AppData\Local\Packages\PythonSoftwareFoundation.Python.3.13_qbz5n2kfra8p0\LocalCache\local-packages\Python313\site-packages\urllib3\connection.py", line 500, in request
        self.endheaders()
        ~~~~~~~~~~~~~~~^^
      File "C:\Program Files\WindowsApps\PythonSoftwareFoundation.Python.3.13_3.13.2544.0_x64__qbz5n2kfra8p0\Lib\http\client.py", line 1333, in endheaders
        self._send_output(message_body, encode_chunked=encode_chunked)
        ~~~~~~~~~~~~~~~~~^^^^^^^^^^^^^^^^^^^^^^^^^^^^^^^^^^^^^^^^^^^^^
      File "C:\Program Files\WindowsApps\PythonSoftwareFoundation.Python.3.13_3.13.2544.0_x64__qbz5n2kfra8p0\Lib\http\client.py", line 1093, in _send_output
        self.send(msg)
        ~~~~~~~~~^^^^^
      File "C:\Program Files\WindowsApps\PythonSoftwareFoundation.Python.3.13_3.13.2544.0_x64__qbz5n2kfra8p0\Lib\http\client.py", line 1037, in send
        self.connect()
        ~~~~~~~~~~~~^^
      File "C:\Users\ferkhan\AppData\Local\Packages\PythonSoftwareFoundation.Python.3.13_qbz5n2kfra8p0\LocalCache\local-packages\Python313\site-packages\urllib3\connection.py", line 331, in connect
        self.sock = self._new_conn()
                    ~~~~~~~~~~~~~~^^
      File "C:\Users\ferkhan\AppData\Local\Packages\PythonSoftwareFoundation.Python.3.13_qbz5n2kfra8p0\LocalCache\local-packages\Python313\site-packages\urllib3\connection.py", line 219, in _new_conn
        raise NewConnectionError(
            self, f"Failed to establish a new connection: {e}"
        ) from e
    urllib3.exceptions.NewConnectionError: HTTPConnection(host='localhost', port=8080): Failed to establish a new connection: [WinError 10061] No connection could be made because the target machine actively refused it
    
    The above exception was the direct cause of the following exception:
    
    Traceback (most recent call last):
      File "C:\Users\ferkhan\AppData\Local\Packages\PythonSoftwareFoundation.Python.3.13_qbz5n2kfra8p0\LocalCache\local-packages\Python313\site-packages\requests\adapters.py", line 644, in send
        resp = conn.urlopen(
            method=request.method,
        ...<9 lines>...
            chunked=chunked,
        )
      File "C:\Users\ferkhan\AppData\Local\Packages\PythonSoftwareFoundation.Python.3.13_qbz5n2kfra8p0\LocalCache\local-packages\Python313\site-packages\urllib3\connectionpool.py", line 841, in urlopen
        retries = retries.increment(
            method, url, error=new_e, _pool=self, _stacktrace=sys.exc_info()[2]
        )
      File "C:\Users\ferkhan\AppData\Local\Packages\PythonSoftwareFoundation.Python.3.13_qbz5n2kfra8p0\LocalCache\local-packages\Python313\site-packages\urllib3\util\retry.py", line 535, in increment
        raise MaxRetryError(_pool, url, reason) from reason  # type: ignore[arg-type]
        ^^^^^^^^^^^^^^^^^^^^^^^^^^^^^^^^^^^^^^^^^^^^^^^^^^^
    urllib3.exceptions.MaxRetryError: HTTPConnectionPool(host='localhost', port=8080): Max retries exceeded with url: /health (Caused by NewConnectionError("HTTPConnection(host='localhost', port=8080): Failed to establish a new connection: [WinError 10061] No connection could be made because the target machine actively refused it"))
    
    During handling of the above exception, another exception occurred:
    
    Traceback (most recent call last):
      File "C:\Users\ferkhan\AppData\Local\Packages\PythonSoftwareFoundation.Python.3.13_qbz5n2kfra8p0\LocalCache\local-packages\Python313\site-packages\chaoslib\provider\http.py", line 51, in run_http_activity
        r = s.get(
            url,
        ...<3 lines>...
            verify=verify_tls,
        )
      File "C:\Users\ferkhan\AppData\Local\Packages\PythonSoftwareFoundation.Python.3.13_qbz5n2kfra8p0\LocalCache\local-packages\Python313\site-packages\requests\sessions.py", line 602, in get
        return self.request("GET", url, **kwargs)
               ~~~~~~~~~~~~^^^^^^^^^^^^^^^^^^^^^^
      File "C:\Users\ferkhan\AppData\Local\Packages\PythonSoftwareFoundation.Python.3.13_qbz5n2kfra8p0\LocalCache\local-packages\Python313\site-packages\requests\sessions.py", line 589, in request
        resp = self.send(prep, **send_kwargs)
      File "C:\Users\ferkhan\AppData\Local\Packages\PythonSoftwareFoundation.Python.3.13_qbz5n2kfra8p0\LocalCache\local-packages\Python313\site-packages\requests\sessions.py", line 703, in send
        r = adapter.send(request, **kwargs)
      File "C:\Users\ferkhan\AppData\Local\Packages\PythonSoftwareFoundation.Python.3.13_qbz5n2kfra8p0\LocalCache\local-packages\Python313\site-packages\requests\adapters.py", line 677, in send
        raise ConnectionError(e, request=request)
    requests.exceptions.ConnectionError: HTTPConnectionPool(host='localhost', port=8080): Max retries exceeded with url: /health (Caused by NewConnectionError("HTTPConnection(host='localhost', port=8080): Failed to establish a new connection: [WinError 10061] No connection could be made because the target machine actively refused it"))
    
    During handling of the above exception, another exception occurred:
    
    Traceback (most recent call last):
      File "C:\Users\ferkhan\AppData\Local\Packages\PythonSoftwareFoundation.Python.3.13_qbz5n2kfra8p0\LocalCache\local-packages\Python313\site-packages\chaoslib\activity.py", line 314, in run_activity
        result = run_http_activity(activity, configuration, secrets)
      File "C:\Users\ferkhan\AppData\Local\Packages\PythonSoftwareFoundation.Python.3.13_qbz5n2kfra8p0\LocalCache\local-packages\Python313\site-packages\chaoslib\provider\http.py", line 101, in run_http_activity
        raise ActivityFailed(f"failed to connect to {url}: {str(cex)}")
    chaoslib.exceptions.ActivityFailed: failed to connect to http://localhost:8080/health: HTTPConnectionPool(host='localhost', port=8080): Max retries exceeded with url: /health (Caused by NewConnectionError("HTTPConnection(host='localhost', port=8080): Failed to establish a new connection: [WinError 10061] No connection could be made because the target machine actively refused it"))
[31m[2026-01-14 11:32:18 ERROR] [activity:268][39m   => failed: failed to connect to http://localhost:8080/health: HTTPConnectionPool(host='localhost', port=8080): Max retries exceeded with url: /health (Caused by NewConnectionError("HTTPConnection(host='localhost', port=8080): Failed to establish a new connection: [WinError 10061] No connection could be made because the target machine actively refused it"))
[36m[2026-01-14 11:32:18 DEBUG] [__init__:472][39m No controls to apply on 'activity'
[33m[2026-01-14 11:32:18 WARNING] [hypothesis:232][39m Probe terminated unexpectedly, so its tolerance could not be validated
[36m[2026-01-14 11:32:18 DEBUG] [__init__:472][39m No controls to apply on 'hypothesis'
[31m[2026-01-14 11:32:18 CRITICAL] [run:674][39m Steady state probe 'api-responds' is not in the given tolerance so failing this experiment
[32m[2026-01-14 11:32:18 INFO] [run:598][39m Experiment ended with status: failed
[36m[2026-01-14 11:32:18 DEBUG] [__init__:472][39m No controls to apply on 'experiment'
[36m[2026-01-14 11:32:18 DEBUG] [__init__:106][39m Cleaning up controls
[36m[2026-01-14 11:32:18 DEBUG] [caching:42][39m Clearing activities cache
[36m[2026-01-14 11:33:03 DEBUG] [__init__:101][39m ###############################################################################
[36m[2026-01-14 11:33:03 DEBUG] [__init__:102][39m Running command 'run'
[36m[2026-01-14 11:33:03 DEBUG] [__init__:106][39m Using settings file 'C:\Users\ferkhan\.chaostoolkit\settings.yaml'
[36m[2026-01-14 11:33:03 DEBUG] [settings:31][39m The Chaos Toolkit settings file could not be found at 'C:\Users\ferkhan\.chaostoolkit\settings.yaml'.
[36m[2026-01-14 11:33:03 DEBUG] [__init__:472][39m No controls to apply on 'loader'
[36m[2026-01-14 11:33:03 DEBUG] [__init__:472][39m No controls to apply on 'loader'
[36m[2026-01-14 11:33:03 DEBUG] [caching:24][39m Building activity cache...
[36m[2026-01-14 11:33:03 DEBUG] [caching:35][39m Cached 4 activities
[32m[2026-01-14 11:33:03 INFO] [experiment:59][39m Validating the experiment's syntax
[36m[2026-01-14 11:33:03 DEBUG] [configuration:64][39m Loading configuration...
[36m[2026-01-14 11:33:03 DEBUG] [secret:79][39m Loading secrets...
[36m[2026-01-14 11:33:03 DEBUG] [secret:104][39m Done loading secrets
[32m[2026-01-14 11:33:03 INFO] [experiment:112][39m Experiment looks valid
[36m[2026-01-14 11:33:03 DEBUG] [caching:42][39m Clearing activities cache
[36m[2026-01-14 11:33:03 DEBUG] [run:224][39m Runtime strategies: hypothesis - default / rollbacks - default
[36m[2026-01-14 11:33:03 DEBUG] [caching:24][39m Building activity cache...
[36m[2026-01-14 11:33:03 DEBUG] [caching:35][39m Cached 4 activities
[36m[2026-01-14 11:33:03 DEBUG] [configuration:64][39m Loading configuration...
[36m[2026-01-14 11:33:03 DEBUG] [secret:79][39m Loading secrets...
[36m[2026-01-14 11:33:03 DEBUG] [secret:104][39m Done loading secrets
[36m[2026-01-14 11:33:03 DEBUG] [configuration:161][39m Loading dynamic configuration...
[36m[2026-01-14 11:33:03 DEBUG] [exit:91][39m System 'Windows-11-10.0.26200-SP0' does not expose SIGUSR signals
[32m[2026-01-14 11:33:03 INFO] [run:440][39m Running experiment: What happens if a backend service crashes?
[36m[2026-01-14 11:33:03 DEBUG] [__init__:67][39m Initializing controls
[32m[2026-01-14 11:33:03 INFO] [run:471][39m Steady-state strategy: default
[32m[2026-01-14 11:33:03 INFO] [run:477][39m Rollbacks strategy: default
[36m[2026-01-14 11:33:03 DEBUG] [__init__:472][39m No controls to apply on 'experiment'
[36m[2026-01-14 11:33:03 DEBUG] [run:654][39m Running steady-state hypothesis before the method
[32m[2026-01-14 11:33:03 INFO] [hypothesis:205][39m Steady state hypothesis: Service is responding normally
[36m[2026-01-14 11:33:03 DEBUG] [__init__:472][39m No controls to apply on 'hypothesis'
[36m[2026-01-14 11:33:03 DEBUG] [__init__:472][39m No controls to apply on 'activity'
[32m[2026-01-14 11:33:03 INFO] [activity:232][39m Probe: service-is-running
[36m[2026-01-14 11:33:03 DEBUG] [activity:260][39m   => succeeded with 'True'
[36m[2026-01-14 11:33:03 DEBUG] [__init__:472][39m No controls to apply on 'activity'
[36m[2026-01-14 11:33:03 DEBUG] [hypothesis:247][39m allowed tolerance is True
[36m[2026-01-14 11:33:03 DEBUG] [__init__:472][39m No controls to apply on 'activity'
[32m[2026-01-14 11:33:03 INFO] [activity:232][39m Probe: api-responds
[36m[2026-01-14 11:33:08 DEBUG] [activity:317][39m Activity failed
    Traceback (most recent call last):
      File "C:\Users\ferkhan\AppData\Local\Packages\PythonSoftwareFoundation.Python.3.13_qbz5n2kfra8p0\LocalCache\local-packages\Python313\site-packages\urllib3\connection.py", line 204, in _new_conn
        sock = connection.create_connection(
            (self._dns_host, self.port),
        ...<2 lines>...
            socket_options=self.socket_options,
        )
      File "C:\Users\ferkhan\AppData\Local\Packages\PythonSoftwareFoundation.Python.3.13_qbz5n2kfra8p0\LocalCache\local-packages\Python313\site-packages\urllib3\util\connection.py", line 85, in create_connection
        raise err
      File "C:\Users\ferkhan\AppData\Local\Packages\PythonSoftwareFoundation.Python.3.13_qbz5n2kfra8p0\LocalCache\local-packages\Python313\site-packages\urllib3\util\connection.py", line 73, in create_connection
        sock.connect(sa)
        ~~~~~~~~~~~~^^^^
    ConnectionRefusedError: [WinError 10061] No connection could be made because the target machine actively refused it
    
    The above exception was the direct cause of the following exception:
    
    Traceback (most recent call last):
      File "C:\Users\ferkhan\AppData\Local\Packages\PythonSoftwareFoundation.Python.3.13_qbz5n2kfra8p0\LocalCache\local-packages\Python313\site-packages\urllib3\connectionpool.py", line 787, in urlopen
        response = self._make_request(
            conn,
        ...<10 lines>...
            **response_kw,
        )
      File "C:\Users\ferkhan\AppData\Local\Packages\PythonSoftwareFoundation.Python.3.13_qbz5n2kfra8p0\LocalCache\local-packages\Python313\site-packages\urllib3\connectionpool.py", line 493, in _make_request
        conn.request(
        ~~~~~~~~~~~~^
            method,
            ^^^^^^^
        ...<6 lines>...
            enforce_content_length=enforce_content_length,
            ^^^^^^^^^^^^^^^^^^^^^^^^^^^^^^^^^^^^^^^^^^^^^^
        )
        ^
      File "C:\Users\ferkhan\AppData\Local\Packages\PythonSoftwareFoundation.Python.3.13_qbz5n2kfra8p0\LocalCache\local-packages\Python313\site-packages\urllib3\connection.py", line 500, in request
        self.endheaders()
        ~~~~~~~~~~~~~~~^^
      File "C:\Program Files\WindowsApps\PythonSoftwareFoundation.Python.3.13_3.13.2544.0_x64__qbz5n2kfra8p0\Lib\http\client.py", line 1333, in endheaders
        self._send_output(message_body, encode_chunked=encode_chunked)
        ~~~~~~~~~~~~~~~~~^^^^^^^^^^^^^^^^^^^^^^^^^^^^^^^^^^^^^^^^^^^^^
      File "C:\Program Files\WindowsApps\PythonSoftwareFoundation.Python.3.13_3.13.2544.0_x64__qbz5n2kfra8p0\Lib\http\client.py", line 1093, in _send_output
        self.send(msg)
        ~~~~~~~~~^^^^^
      File "C:\Program Files\WindowsApps\PythonSoftwareFoundation.Python.3.13_3.13.2544.0_x64__qbz5n2kfra8p0\Lib\http\client.py", line 1037, in send
        self.connect()
        ~~~~~~~~~~~~^^
      File "C:\Users\ferkhan\AppData\Local\Packages\PythonSoftwareFoundation.Python.3.13_qbz5n2kfra8p0\LocalCache\local-packages\Python313\site-packages\urllib3\connection.py", line 331, in connect
        self.sock = self._new_conn()
                    ~~~~~~~~~~~~~~^^
      File "C:\Users\ferkhan\AppData\Local\Packages\PythonSoftwareFoundation.Python.3.13_qbz5n2kfra8p0\LocalCache\local-packages\Python313\site-packages\urllib3\connection.py", line 219, in _new_conn
        raise NewConnectionError(
            self, f"Failed to establish a new connection: {e}"
        ) from e
    urllib3.exceptions.NewConnectionError: HTTPConnection(host='localhost', port=8080): Failed to establish a new connection: [WinError 10061] No connection could be made because the target machine actively refused it
    
    The above exception was the direct cause of the following exception:
    
    Traceback (most recent call last):
      File "C:\Users\ferkhan\AppData\Local\Packages\PythonSoftwareFoundation.Python.3.13_qbz5n2kfra8p0\LocalCache\local-packages\Python313\site-packages\requests\adapters.py", line 644, in send
        resp = conn.urlopen(
            method=request.method,
        ...<9 lines>...
            chunked=chunked,
        )
      File "C:\Users\ferkhan\AppData\Local\Packages\PythonSoftwareFoundation.Python.3.13_qbz5n2kfra8p0\LocalCache\local-packages\Python313\site-packages\urllib3\connectionpool.py", line 841, in urlopen
        retries = retries.increment(
            method, url, error=new_e, _pool=self, _stacktrace=sys.exc_info()[2]
        )
      File "C:\Users\ferkhan\AppData\Local\Packages\PythonSoftwareFoundation.Python.3.13_qbz5n2kfra8p0\LocalCache\local-packages\Python313\site-packages\urllib3\util\retry.py", line 535, in increment
        raise MaxRetryError(_pool, url, reason) from reason  # type: ignore[arg-type]
        ^^^^^^^^^^^^^^^^^^^^^^^^^^^^^^^^^^^^^^^^^^^^^^^^^^^
    urllib3.exceptions.MaxRetryError: HTTPConnectionPool(host='localhost', port=8080): Max retries exceeded with url: /health (Caused by NewConnectionError("HTTPConnection(host='localhost', port=8080): Failed to establish a new connection: [WinError 10061] No connection could be made because the target machine actively refused it"))
    
    During handling of the above exception, another exception occurred:
    
    Traceback (most recent call last):
      File "C:\Users\ferkhan\AppData\Local\Packages\PythonSoftwareFoundation.Python.3.13_qbz5n2kfra8p0\LocalCache\local-packages\Python313\site-packages\chaoslib\provider\http.py", line 51, in run_http_activity
        r = s.get(
            url,
        ...<3 lines>...
            verify=verify_tls,
        )
      File "C:\Users\ferkhan\AppData\Local\Packages\PythonSoftwareFoundation.Python.3.13_qbz5n2kfra8p0\LocalCache\local-packages\Python313\site-packages\requests\sessions.py", line 602, in get
        return self.request("GET", url, **kwargs)
               ~~~~~~~~~~~~^^^^^^^^^^^^^^^^^^^^^^
      File "C:\Users\ferkhan\AppData\Local\Packages\PythonSoftwareFoundation.Python.3.13_qbz5n2kfra8p0\LocalCache\local-packages\Python313\site-packages\requests\sessions.py", line 589, in request
        resp = self.send(prep, **send_kwargs)
      File "C:\Users\ferkhan\AppData\Local\Packages\PythonSoftwareFoundation.Python.3.13_qbz5n2kfra8p0\LocalCache\local-packages\Python313\site-packages\requests\sessions.py", line 703, in send
        r = adapter.send(request, **kwargs)
      File "C:\Users\ferkhan\AppData\Local\Packages\PythonSoftwareFoundation.Python.3.13_qbz5n2kfra8p0\LocalCache\local-packages\Python313\site-packages\requests\adapters.py", line 677, in send
        raise ConnectionError(e, request=request)
    requests.exceptions.ConnectionError: HTTPConnectionPool(host='localhost', port=8080): Max retries exceeded with url: /health (Caused by NewConnectionError("HTTPConnection(host='localhost', port=8080): Failed to establish a new connection: [WinError 10061] No connection could be made because the target machine actively refused it"))
    
    During handling of the above exception, another exception occurred:
    
    Traceback (most recent call last):
      File "C:\Users\ferkhan\AppData\Local\Packages\PythonSoftwareFoundation.Python.3.13_qbz5n2kfra8p0\LocalCache\local-packages\Python313\site-packages\chaoslib\activity.py", line 314, in run_activity
        result = run_http_activity(activity, configuration, secrets)
      File "C:\Users\ferkhan\AppData\Local\Packages\PythonSoftwareFoundation.Python.3.13_qbz5n2kfra8p0\LocalCache\local-packages\Python313\site-packages\chaoslib\provider\http.py", line 101, in run_http_activity
        raise ActivityFailed(f"failed to connect to {url}: {str(cex)}")
    chaoslib.exceptions.ActivityFailed: failed to connect to http://localhost:8080/health: HTTPConnectionPool(host='localhost', port=8080): Max retries exceeded with url: /health (Caused by NewConnectionError("HTTPConnection(host='localhost', port=8080): Failed to establish a new connection: [WinError 10061] No connection could be made because the target machine actively refused it"))
[31m[2026-01-14 11:33:08 ERROR] [activity:268][39m   => failed: failed to connect to http://localhost:8080/health: HTTPConnectionPool(host='localhost', port=8080): Max retries exceeded with url: /health (Caused by NewConnectionError("HTTPConnection(host='localhost', port=8080): Failed to establish a new connection: [WinError 10061] No connection could be made because the target machine actively refused it"))
[36m[2026-01-14 11:33:08 DEBUG] [__init__:472][39m No controls to apply on 'activity'
[33m[2026-01-14 11:33:08 WARNING] [hypothesis:232][39m Probe terminated unexpectedly, so its tolerance could not be validated
[36m[2026-01-14 11:33:08 DEBUG] [__init__:472][39m No controls to apply on 'hypothesis'
[31m[2026-01-14 11:33:08 CRITICAL] [run:674][39m Steady state probe 'api-responds' is not in the given tolerance so failing this experiment
[32m[2026-01-14 11:33:08 INFO] [run:598][39m Experiment ended with status: failed
[36m[2026-01-14 11:33:08 DEBUG] [__init__:472][39m No controls to apply on 'experiment'
[36m[2026-01-14 11:33:08 DEBUG] [__init__:106][39m Cleaning up controls
[36m[2026-01-14 11:33:08 DEBUG] [caching:42][39m Clearing activities cache
[36m[2026-01-14 11:34:58 DEBUG] [__init__:101][39m ###############################################################################
[36m[2026-01-14 11:34:58 DEBUG] [__init__:102][39m Running command 'run'
[36m[2026-01-14 11:34:58 DEBUG] [__init__:106][39m Using settings file 'C:\Users\ferkhan\.chaostoolkit\settings.yaml'
[36m[2026-01-14 11:34:59 DEBUG] [settings:31][39m The Chaos Toolkit settings file could not be found at 'C:\Users\ferkhan\.chaostoolkit\settings.yaml'.
[36m[2026-01-14 11:34:59 DEBUG] [__init__:472][39m No controls to apply on 'loader'
[36m[2026-01-14 11:34:59 DEBUG] [__init__:472][39m No controls to apply on 'loader'
[36m[2026-01-14 11:34:59 DEBUG] [caching:24][39m Building activity cache...
[36m[2026-01-14 11:34:59 DEBUG] [caching:35][39m Cached 4 activities
[32m[2026-01-14 11:34:59 INFO] [experiment:59][39m Validating the experiment's syntax
[36m[2026-01-14 11:34:59 DEBUG] [configuration:64][39m Loading configuration...
[36m[2026-01-14 11:34:59 DEBUG] [secret:79][39m Loading secrets...
[36m[2026-01-14 11:34:59 DEBUG] [secret:104][39m Done loading secrets
[32m[2026-01-14 11:34:59 INFO] [experiment:112][39m Experiment looks valid
[36m[2026-01-14 11:34:59 DEBUG] [caching:42][39m Clearing activities cache
[36m[2026-01-14 11:34:59 DEBUG] [run:224][39m Runtime strategies: hypothesis - default / rollbacks - default
[36m[2026-01-14 11:34:59 DEBUG] [caching:24][39m Building activity cache...
[36m[2026-01-14 11:34:59 DEBUG] [caching:35][39m Cached 4 activities
[36m[2026-01-14 11:34:59 DEBUG] [configuration:64][39m Loading configuration...
[36m[2026-01-14 11:34:59 DEBUG] [secret:79][39m Loading secrets...
[36m[2026-01-14 11:34:59 DEBUG] [secret:104][39m Done loading secrets
[36m[2026-01-14 11:34:59 DEBUG] [configuration:161][39m Loading dynamic configuration...
[36m[2026-01-14 11:34:59 DEBUG] [exit:91][39m System 'Windows-11-10.0.26200-SP0' does not expose SIGUSR signals
[32m[2026-01-14 11:34:59 INFO] [run:440][39m Running experiment: What happens if a backend service crashes?
[36m[2026-01-14 11:34:59 DEBUG] [__init__:67][39m Initializing controls
[32m[2026-01-14 11:34:59 INFO] [run:471][39m Steady-state strategy: default
[32m[2026-01-14 11:34:59 INFO] [run:477][39m Rollbacks strategy: default
[36m[2026-01-14 11:34:59 DEBUG] [__init__:472][39m No controls to apply on 'experiment'
[36m[2026-01-14 11:34:59 DEBUG] [run:654][39m Running steady-state hypothesis before the method
[32m[2026-01-14 11:34:59 INFO] [hypothesis:205][39m Steady state hypothesis: Service is responding normally
[36m[2026-01-14 11:34:59 DEBUG] [__init__:472][39m No controls to apply on 'hypothesis'
[36m[2026-01-14 11:34:59 DEBUG] [__init__:472][39m No controls to apply on 'activity'
[32m[2026-01-14 11:34:59 INFO] [activity:232][39m Probe: service-is-running
[36m[2026-01-14 11:34:59 DEBUG] [activity:260][39m   => succeeded with 'True'
[36m[2026-01-14 11:34:59 DEBUG] [__init__:472][39m No controls to apply on 'activity'
[36m[2026-01-14 11:34:59 DEBUG] [hypothesis:247][39m allowed tolerance is True
[36m[2026-01-14 11:34:59 DEBUG] [__init__:472][39m No controls to apply on 'activity'
[32m[2026-01-14 11:34:59 INFO] [activity:232][39m Probe: api-responds
[36m[2026-01-14 11:35:01 DEBUG] [activity:260][39m   => succeeded with '{'status': 200, 'headers': {'Server': 'Werkzeug/3.1.5 Python/3.13.9', 'Date': 'Wed, 14 Jan 2026 16:35:01 GMT', 'Content-Type': 'application/json', 'Content-Length': '16', 'Connection': 'close'}, 'body': {'status': 'ok'}}'
[36m[2026-01-14 11:35:01 DEBUG] [__init__:472][39m No controls to apply on 'activity'
[36m[2026-01-14 11:35:01 DEBUG] [hypothesis:247][39m allowed tolerance is 200
[32m[2026-01-14 11:35:01 INFO] [hypothesis:260][39m Steady state hypothesis is met!
[36m[2026-01-14 11:35:01 DEBUG] [__init__:472][39m No controls to apply on 'hypothesis'
[32m[2026-01-14 11:35:01 INFO] [run:778][39m Playing your experiment's method now...
[36m[2026-01-14 11:35:01 DEBUG] [__init__:472][39m No controls to apply on 'method'
[36m[2026-01-14 11:35:01 DEBUG] [__init__:472][39m No controls to apply on 'activity'
[32m[2026-01-14 11:35:01 INFO] [activity:232][39m Action: kill-backend-service
[36m[2026-01-14 11:35:01 DEBUG] [process:52][39m Running: C:\WINDOWS\System32\WindowsPowerShell\v1.0\powershell.EXE -Command Stop-Process -Id (Get-Content service.pid) -Force
[36m[2026-01-14 11:35:05 DEBUG] [activity:260][39m   => succeeded with '{'status': 0, 'stdout': '', 'stderr': ''}'
[36m[2026-01-14 11:35:05 DEBUG] [__init__:472][39m No controls to apply on 'activity'
[36m[2026-01-14 11:35:05 DEBUG] [__init__:472][39m No controls to apply on 'activity'
[32m[2026-01-14 11:35:05 INFO] [activity:232][39m Probe: wait-for-recovery
[36m[2026-01-14 11:35:09 DEBUG] [activity:317][39m Activity failed
    Traceback (most recent call last):
      File "C:\Users\ferkhan\AppData\Local\Packages\PythonSoftwareFoundation.Python.3.13_qbz5n2kfra8p0\LocalCache\local-packages\Python313\site-packages\urllib3\connection.py", line 204, in _new_conn
        sock = connection.create_connection(
            (self._dns_host, self.port),
        ...<2 lines>...
            socket_options=self.socket_options,
        )
      File "C:\Users\ferkhan\AppData\Local\Packages\PythonSoftwareFoundation.Python.3.13_qbz5n2kfra8p0\LocalCache\local-packages\Python313\site-packages\urllib3\util\connection.py", line 85, in create_connection
        raise err
      File "C:\Users\ferkhan\AppData\Local\Packages\PythonSoftwareFoundation.Python.3.13_qbz5n2kfra8p0\LocalCache\local-packages\Python313\site-packages\urllib3\util\connection.py", line 73, in create_connection
        sock.connect(sa)
        ~~~~~~~~~~~~^^^^
    ConnectionRefusedError: [WinError 10061] No connection could be made because the target machine actively refused it
    
    The above exception was the direct cause of the following exception:
    
    Traceback (most recent call last):
      File "C:\Users\ferkhan\AppData\Local\Packages\PythonSoftwareFoundation.Python.3.13_qbz5n2kfra8p0\LocalCache\local-packages\Python313\site-packages\urllib3\connectionpool.py", line 787, in urlopen
        response = self._make_request(
            conn,
        ...<10 lines>...
            **response_kw,
        )
      File "C:\Users\ferkhan\AppData\Local\Packages\PythonSoftwareFoundation.Python.3.13_qbz5n2kfra8p0\LocalCache\local-packages\Python313\site-packages\urllib3\connectionpool.py", line 493, in _make_request
        conn.request(
        ~~~~~~~~~~~~^
            method,
            ^^^^^^^
        ...<6 lines>...
            enforce_content_length=enforce_content_length,
            ^^^^^^^^^^^^^^^^^^^^^^^^^^^^^^^^^^^^^^^^^^^^^^
        )
        ^
      File "C:\Users\ferkhan\AppData\Local\Packages\PythonSoftwareFoundation.Python.3.13_qbz5n2kfra8p0\LocalCache\local-packages\Python313\site-packages\urllib3\connection.py", line 500, in request
        self.endheaders()
        ~~~~~~~~~~~~~~~^^
      File "C:\Program Files\WindowsApps\PythonSoftwareFoundation.Python.3.13_3.13.2544.0_x64__qbz5n2kfra8p0\Lib\http\client.py", line 1333, in endheaders
        self._send_output(message_body, encode_chunked=encode_chunked)
        ~~~~~~~~~~~~~~~~~^^^^^^^^^^^^^^^^^^^^^^^^^^^^^^^^^^^^^^^^^^^^^
      File "C:\Program Files\WindowsApps\PythonSoftwareFoundation.Python.3.13_3.13.2544.0_x64__qbz5n2kfra8p0\Lib\http\client.py", line 1093, in _send_output
        self.send(msg)
        ~~~~~~~~~^^^^^
      File "C:\Program Files\WindowsApps\PythonSoftwareFoundation.Python.3.13_3.13.2544.0_x64__qbz5n2kfra8p0\Lib\http\client.py", line 1037, in send
        self.connect()
        ~~~~~~~~~~~~^^
      File "C:\Users\ferkhan\AppData\Local\Packages\PythonSoftwareFoundation.Python.3.13_qbz5n2kfra8p0\LocalCache\local-packages\Python313\site-packages\urllib3\connection.py", line 331, in connect
        self.sock = self._new_conn()
                    ~~~~~~~~~~~~~~^^
      File "C:\Users\ferkhan\AppData\Local\Packages\PythonSoftwareFoundation.Python.3.13_qbz5n2kfra8p0\LocalCache\local-packages\Python313\site-packages\urllib3\connection.py", line 219, in _new_conn
        raise NewConnectionError(
            self, f"Failed to establish a new connection: {e}"
        ) from e
    urllib3.exceptions.NewConnectionError: HTTPConnection(host='localhost', port=8080): Failed to establish a new connection: [WinError 10061] No connection could be made because the target machine actively refused it
    
    The above exception was the direct cause of the following exception:
    
    Traceback (most recent call last):
      File "C:\Users\ferkhan\AppData\Local\Packages\PythonSoftwareFoundation.Python.3.13_qbz5n2kfra8p0\LocalCache\local-packages\Python313\site-packages\requests\adapters.py", line 644, in send
        resp = conn.urlopen(
            method=request.method,
        ...<9 lines>...
            chunked=chunked,
        )
      File "C:\Users\ferkhan\AppData\Local\Packages\PythonSoftwareFoundation.Python.3.13_qbz5n2kfra8p0\LocalCache\local-packages\Python313\site-packages\urllib3\connectionpool.py", line 841, in urlopen
        retries = retries.increment(
            method, url, error=new_e, _pool=self, _stacktrace=sys.exc_info()[2]
        )
      File "C:\Users\ferkhan\AppData\Local\Packages\PythonSoftwareFoundation.Python.3.13_qbz5n2kfra8p0\LocalCache\local-packages\Python313\site-packages\urllib3\util\retry.py", line 535, in increment
        raise MaxRetryError(_pool, url, reason) from reason  # type: ignore[arg-type]
        ^^^^^^^^^^^^^^^^^^^^^^^^^^^^^^^^^^^^^^^^^^^^^^^^^^^
    urllib3.exceptions.MaxRetryError: HTTPConnectionPool(host='localhost', port=8080): Max retries exceeded with url: /health (Caused by NewConnectionError("HTTPConnection(host='localhost', port=8080): Failed to establish a new connection: [WinError 10061] No connection could be made because the target machine actively refused it"))
    
    During handling of the above exception, another exception occurred:
    
    Traceback (most recent call last):
      File "C:\Users\ferkhan\AppData\Local\Packages\PythonSoftwareFoundation.Python.3.13_qbz5n2kfra8p0\LocalCache\local-packages\Python313\site-packages\chaoslib\provider\http.py", line 51, in run_http_activity
        r = s.get(
            url,
        ...<3 lines>...
            verify=verify_tls,
        )
      File "C:\Users\ferkhan\AppData\Local\Packages\PythonSoftwareFoundation.Python.3.13_qbz5n2kfra8p0\LocalCache\local-packages\Python313\site-packages\requests\sessions.py", line 602, in get
        return self.request("GET", url, **kwargs)
               ~~~~~~~~~~~~^^^^^^^^^^^^^^^^^^^^^^
      File "C:\Users\ferkhan\AppData\Local\Packages\PythonSoftwareFoundation.Python.3.13_qbz5n2kfra8p0\LocalCache\local-packages\Python313\site-packages\requests\sessions.py", line 589, in request
        resp = self.send(prep, **send_kwargs)
      File "C:\Users\ferkhan\AppData\Local\Packages\PythonSoftwareFoundation.Python.3.13_qbz5n2kfra8p0\LocalCache\local-packages\Python313\site-packages\requests\sessions.py", line 703, in send
        r = adapter.send(request, **kwargs)
      File "C:\Users\ferkhan\AppData\Local\Packages\PythonSoftwareFoundation.Python.3.13_qbz5n2kfra8p0\LocalCache\local-packages\Python313\site-packages\requests\adapters.py", line 677, in send
        raise ConnectionError(e, request=request)
    requests.exceptions.ConnectionError: HTTPConnectionPool(host='localhost', port=8080): Max retries exceeded with url: /health (Caused by NewConnectionError("HTTPConnection(host='localhost', port=8080): Failed to establish a new connection: [WinError 10061] No connection could be made because the target machine actively refused it"))
    
    During handling of the above exception, another exception occurred:
    
    Traceback (most recent call last):
      File "C:\Users\ferkhan\AppData\Local\Packages\PythonSoftwareFoundation.Python.3.13_qbz5n2kfra8p0\LocalCache\local-packages\Python313\site-packages\chaoslib\activity.py", line 314, in run_activity
        result = run_http_activity(activity, configuration, secrets)
      File "C:\Users\ferkhan\AppData\Local\Packages\PythonSoftwareFoundation.Python.3.13_qbz5n2kfra8p0\LocalCache\local-packages\Python313\site-packages\chaoslib\provider\http.py", line 101, in run_http_activity
        raise ActivityFailed(f"failed to connect to {url}: {str(cex)}")
    chaoslib.exceptions.ActivityFailed: failed to connect to http://localhost:8080/health: HTTPConnectionPool(host='localhost', port=8080): Max retries exceeded with url: /health (Caused by NewConnectionError("HTTPConnection(host='localhost', port=8080): Failed to establish a new connection: [WinError 10061] No connection could be made because the target machine actively refused it"))
[31m[2026-01-14 11:35:09 ERROR] [activity:268][39m   => failed: failed to connect to http://localhost:8080/health: HTTPConnectionPool(host='localhost', port=8080): Max retries exceeded with url: /health (Caused by NewConnectionError("HTTPConnection(host='localhost', port=8080): Failed to establish a new connection: [WinError 10061] No connection could be made because the target machine actively refused it"))
[36m[2026-01-14 11:35:09 DEBUG] [__init__:472][39m No controls to apply on 'activity'
[36m[2026-01-14 11:35:09 DEBUG] [__init__:472][39m No controls to apply on 'method'
[36m[2026-01-14 11:35:09 DEBUG] [run:696][39m Running steady-state hypothesis after the method
[32m[2026-01-14 11:35:09 INFO] [hypothesis:205][39m Steady state hypothesis: Service is responding normally
[36m[2026-01-14 11:35:09 DEBUG] [__init__:472][39m No controls to apply on 'hypothesis'
[36m[2026-01-14 11:35:09 DEBUG] [__init__:472][39m No controls to apply on 'activity'
[32m[2026-01-14 11:35:09 INFO] [activity:232][39m Probe: service-is-running
[36m[2026-01-14 11:35:09 DEBUG] [activity:260][39m   => succeeded with 'True'
[36m[2026-01-14 11:35:09 DEBUG] [__init__:472][39m No controls to apply on 'activity'
[36m[2026-01-14 11:35:09 DEBUG] [hypothesis:247][39m allowed tolerance is True
[36m[2026-01-14 11:35:09 DEBUG] [__init__:472][39m No controls to apply on 'activity'
[32m[2026-01-14 11:35:09 INFO] [activity:232][39m Probe: api-responds
[36m[2026-01-14 11:35:13 DEBUG] [activity:317][39m Activity failed
    Traceback (most recent call last):
      File "C:\Users\ferkhan\AppData\Local\Packages\PythonSoftwareFoundation.Python.3.13_qbz5n2kfra8p0\LocalCache\local-packages\Python313\site-packages\urllib3\connection.py", line 204, in _new_conn
        sock = connection.create_connection(
            (self._dns_host, self.port),
        ...<2 lines>...
            socket_options=self.socket_options,
        )
      File "C:\Users\ferkhan\AppData\Local\Packages\PythonSoftwareFoundation.Python.3.13_qbz5n2kfra8p0\LocalCache\local-packages\Python313\site-packages\urllib3\util\connection.py", line 85, in create_connection
        raise err
      File "C:\Users\ferkhan\AppData\Local\Packages\PythonSoftwareFoundation.Python.3.13_qbz5n2kfra8p0\LocalCache\local-packages\Python313\site-packages\urllib3\util\connection.py", line 73, in create_connection
        sock.connect(sa)
        ~~~~~~~~~~~~^^^^
    ConnectionRefusedError: [WinError 10061] No connection could be made because the target machine actively refused it
    
    The above exception was the direct cause of the following exception:
    
    Traceback (most recent call last):
      File "C:\Users\ferkhan\AppData\Local\Packages\PythonSoftwareFoundation.Python.3.13_qbz5n2kfra8p0\LocalCache\local-packages\Python313\site-packages\urllib3\connectionpool.py", line 787, in urlopen
        response = self._make_request(
            conn,
        ...<10 lines>...
            **response_kw,
        )
      File "C:\Users\ferkhan\AppData\Local\Packages\PythonSoftwareFoundation.Python.3.13_qbz5n2kfra8p0\LocalCache\local-packages\Python313\site-packages\urllib3\connectionpool.py", line 493, in _make_request
        conn.request(
        ~~~~~~~~~~~~^
            method,
            ^^^^^^^
        ...<6 lines>...
            enforce_content_length=enforce_content_length,
            ^^^^^^^^^^^^^^^^^^^^^^^^^^^^^^^^^^^^^^^^^^^^^^
        )
        ^
      File "C:\Users\ferkhan\AppData\Local\Packages\PythonSoftwareFoundation.Python.3.13_qbz5n2kfra8p0\LocalCache\local-packages\Python313\site-packages\urllib3\connection.py", line 500, in request
        self.endheaders()
        ~~~~~~~~~~~~~~~^^
      File "C:\Program Files\WindowsApps\PythonSoftwareFoundation.Python.3.13_3.13.2544.0_x64__qbz5n2kfra8p0\Lib\http\client.py", line 1333, in endheaders
        self._send_output(message_body, encode_chunked=encode_chunked)
        ~~~~~~~~~~~~~~~~~^^^^^^^^^^^^^^^^^^^^^^^^^^^^^^^^^^^^^^^^^^^^^
      File "C:\Program Files\WindowsApps\PythonSoftwareFoundation.Python.3.13_3.13.2544.0_x64__qbz5n2kfra8p0\Lib\http\client.py", line 1093, in _send_output
        self.send(msg)
        ~~~~~~~~~^^^^^
      File "C:\Program Files\WindowsApps\PythonSoftwareFoundation.Python.3.13_3.13.2544.0_x64__qbz5n2kfra8p0\Lib\http\client.py", line 1037, in send
        self.connect()
        ~~~~~~~~~~~~^^
      File "C:\Users\ferkhan\AppData\Local\Packages\PythonSoftwareFoundation.Python.3.13_qbz5n2kfra8p0\LocalCache\local-packages\Python313\site-packages\urllib3\connection.py", line 331, in connect
        self.sock = self._new_conn()
                    ~~~~~~~~~~~~~~^^
      File "C:\Users\ferkhan\AppData\Local\Packages\PythonSoftwareFoundation.Python.3.13_qbz5n2kfra8p0\LocalCache\local-packages\Python313\site-packages\urllib3\connection.py", line 219, in _new_conn
        raise NewConnectionError(
            self, f"Failed to establish a new connection: {e}"
        ) from e
    urllib3.exceptions.NewConnectionError: HTTPConnection(host='localhost', port=8080): Failed to establish a new connection: [WinError 10061] No connection could be made because the target machine actively refused it
    
    The above exception was the direct cause of the following exception:
    
    Traceback (most recent call last):
      File "C:\Users\ferkhan\AppData\Local\Packages\PythonSoftwareFoundation.Python.3.13_qbz5n2kfra8p0\LocalCache\local-packages\Python313\site-packages\requests\adapters.py", line 644, in send
        resp = conn.urlopen(
            method=request.method,
        ...<9 lines>...
            chunked=chunked,
        )
      File "C:\Users\ferkhan\AppData\Local\Packages\PythonSoftwareFoundation.Python.3.13_qbz5n2kfra8p0\LocalCache\local-packages\Python313\site-packages\urllib3\connectionpool.py", line 841, in urlopen
        retries = retries.increment(
            method, url, error=new_e, _pool=self, _stacktrace=sys.exc_info()[2]
        )
      File "C:\Users\ferkhan\AppData\Local\Packages\PythonSoftwareFoundation.Python.3.13_qbz5n2kfra8p0\LocalCache\local-packages\Python313\site-packages\urllib3\util\retry.py", line 535, in increment
        raise MaxRetryError(_pool, url, reason) from reason  # type: ignore[arg-type]
        ^^^^^^^^^^^^^^^^^^^^^^^^^^^^^^^^^^^^^^^^^^^^^^^^^^^
    urllib3.exceptions.MaxRetryError: HTTPConnectionPool(host='localhost', port=8080): Max retries exceeded with url: /health (Caused by NewConnectionError("HTTPConnection(host='localhost', port=8080): Failed to establish a new connection: [WinError 10061] No connection could be made because the target machine actively refused it"))
    
    During handling of the above exception, another exception occurred:
    
    Traceback (most recent call last):
      File "C:\Users\ferkhan\AppData\Local\Packages\PythonSoftwareFoundation.Python.3.13_qbz5n2kfra8p0\LocalCache\local-packages\Python313\site-packages\chaoslib\provider\http.py", line 51, in run_http_activity
        r = s.get(
            url,
        ...<3 lines>...
            verify=verify_tls,
        )
      File "C:\Users\ferkhan\AppData\Local\Packages\PythonSoftwareFoundation.Python.3.13_qbz5n2kfra8p0\LocalCache\local-packages\Python313\site-packages\requests\sessions.py", line 602, in get
        return self.request("GET", url, **kwargs)
               ~~~~~~~~~~~~^^^^^^^^^^^^^^^^^^^^^^
      File "C:\Users\ferkhan\AppData\Local\Packages\PythonSoftwareFoundation.Python.3.13_qbz5n2kfra8p0\LocalCache\local-packages\Python313\site-packages\requests\sessions.py", line 589, in request
        resp = self.send(prep, **send_kwargs)
      File "C:\Users\ferkhan\AppData\Local\Packages\PythonSoftwareFoundation.Python.3.13_qbz5n2kfra8p0\LocalCache\local-packages\Python313\site-packages\requests\sessions.py", line 703, in send
        r = adapter.send(request, **kwargs)
      File "C:\Users\ferkhan\AppData\Local\Packages\PythonSoftwareFoundation.Python.3.13_qbz5n2kfra8p0\LocalCache\local-packages\Python313\site-packages\requests\adapters.py", line 677, in send
        raise ConnectionError(e, request=request)
    requests.exceptions.ConnectionError: HTTPConnectionPool(host='localhost', port=8080): Max retries exceeded with url: /health (Caused by NewConnectionError("HTTPConnection(host='localhost', port=8080): Failed to establish a new connection: [WinError 10061] No connection could be made because the target machine actively refused it"))
    
    During handling of the above exception, another exception occurred:
    
    Traceback (most recent call last):
      File "C:\Users\ferkhan\AppData\Local\Packages\PythonSoftwareFoundation.Python.3.13_qbz5n2kfra8p0\LocalCache\local-packages\Python313\site-packages\chaoslib\activity.py", line 314, in run_activity
        result = run_http_activity(activity, configuration, secrets)
      File "C:\Users\ferkhan\AppData\Local\Packages\PythonSoftwareFoundation.Python.3.13_qbz5n2kfra8p0\LocalCache\local-packages\Python313\site-packages\chaoslib\provider\http.py", line 101, in run_http_activity
        raise ActivityFailed(f"failed to connect to {url}: {str(cex)}")
    chaoslib.exceptions.ActivityFailed: failed to connect to http://localhost:8080/health: HTTPConnectionPool(host='localhost', port=8080): Max retries exceeded with url: /health (Caused by NewConnectionError("HTTPConnection(host='localhost', port=8080): Failed to establish a new connection: [WinError 10061] No connection could be made because the target machine actively refused it"))
[31m[2026-01-14 11:35:13 ERROR] [activity:268][39m   => failed: failed to connect to http://localhost:8080/health: HTTPConnectionPool(host='localhost', port=8080): Max retries exceeded with url: /health (Caused by NewConnectionError("HTTPConnection(host='localhost', port=8080): Failed to establish a new connection: [WinError 10061] No connection could be made because the target machine actively refused it"))
[36m[2026-01-14 11:35:13 DEBUG] [__init__:472][39m No controls to apply on 'activity'
[33m[2026-01-14 11:35:13 WARNING] [hypothesis:232][39m Probe terminated unexpectedly, so its tolerance could not be validated
[36m[2026-01-14 11:35:13 DEBUG] [__init__:472][39m No controls to apply on 'hypothesis'
[31m[2026-01-14 11:35:13 CRITICAL] [run:716][39m Steady state probe 'api-responds' is not in the given tolerance so failing this experiment
[32m[2026-01-14 11:35:13 INFO] [run:598][39m Experiment ended with status: deviated
[32m[2026-01-14 11:35:13 INFO] [run:600][39m The steady-state has deviated, a weakness may have been discovered
[36m[2026-01-14 11:35:13 DEBUG] [__init__:472][39m No controls to apply on 'experiment'
[36m[2026-01-14 11:35:13 DEBUG] [__init__:106][39m Cleaning up controls
[36m[2026-01-14 11:35:13 DEBUG] [caching:42][39m Clearing activities cache
[36m[2026-01-16 11:19:32 DEBUG] [__init__:101][39m ###############################################################################
[36m[2026-01-16 11:19:32 DEBUG] [__init__:102][39m Running command 'run'
[36m[2026-01-16 11:19:32 DEBUG] [__init__:106][39m Using settings file 'C:\Users\ferkhan\.chaostoolkit\settings.yaml'
[36m[2026-01-16 11:19:32 DEBUG] [settings:31][39m The Chaos Toolkit settings file could not be found at 'C:\Users\ferkhan\.chaostoolkit\settings.yaml'.
[36m[2026-01-16 11:19:32 DEBUG] [__init__:472][39m No controls to apply on 'loader'
[36m[2026-01-16 11:19:32 DEBUG] [__init__:472][39m No controls to apply on 'loader'
[36m[2026-01-16 11:19:32 DEBUG] [caching:24][39m Building activity cache...
[36m[2026-01-16 11:19:32 DEBUG] [caching:35][39m Cached 4 activities
[32m[2026-01-16 11:19:32 INFO] [experiment:59][39m Validating the experiment's syntax
[36m[2026-01-16 11:19:32 DEBUG] [configuration:64][39m Loading configuration...
[36m[2026-01-16 11:19:32 DEBUG] [secret:79][39m Loading secrets...
[36m[2026-01-16 11:19:32 DEBUG] [secret:104][39m Done loading secrets
[32m[2026-01-16 11:19:32 INFO] [experiment:112][39m Experiment looks valid
[36m[2026-01-16 11:19:32 DEBUG] [caching:42][39m Clearing activities cache
[36m[2026-01-16 11:19:32 DEBUG] [run:224][39m Runtime strategies: hypothesis - default / rollbacks - default
[36m[2026-01-16 11:19:32 DEBUG] [caching:24][39m Building activity cache...
[36m[2026-01-16 11:19:32 DEBUG] [caching:35][39m Cached 4 activities
[36m[2026-01-16 11:19:32 DEBUG] [configuration:64][39m Loading configuration...
[36m[2026-01-16 11:19:32 DEBUG] [secret:79][39m Loading secrets...
[36m[2026-01-16 11:19:32 DEBUG] [secret:104][39m Done loading secrets
[36m[2026-01-16 11:19:32 DEBUG] [configuration:161][39m Loading dynamic configuration...
[36m[2026-01-16 11:19:32 DEBUG] [exit:91][39m System 'Windows-11-10.0.26200-SP0' does not expose SIGUSR signals
[32m[2026-01-16 11:19:32 INFO] [run:440][39m Running experiment: What happens if a backend service crashes?
[36m[2026-01-16 11:19:32 DEBUG] [__init__:67][39m Initializing controls
[32m[2026-01-16 11:19:32 INFO] [run:471][39m Steady-state strategy: default
[32m[2026-01-16 11:19:32 INFO] [run:477][39m Rollbacks strategy: default
[36m[2026-01-16 11:19:32 DEBUG] [__init__:472][39m No controls to apply on 'experiment'
[36m[2026-01-16 11:19:32 DEBUG] [run:654][39m Running steady-state hypothesis before the method
[32m[2026-01-16 11:19:32 INFO] [hypothesis:205][39m Steady state hypothesis: Service is responding normally
[36m[2026-01-16 11:19:32 DEBUG] [__init__:472][39m No controls to apply on 'hypothesis'
[36m[2026-01-16 11:19:32 DEBUG] [__init__:472][39m No controls to apply on 'activity'
[32m[2026-01-16 11:19:32 INFO] [activity:232][39m Probe: service-is-running
[36m[2026-01-16 11:19:32 DEBUG] [activity:260][39m   => succeeded with 'True'
[36m[2026-01-16 11:19:32 DEBUG] [__init__:472][39m No controls to apply on 'activity'
[36m[2026-01-16 11:19:32 DEBUG] [hypothesis:247][39m allowed tolerance is True
[36m[2026-01-16 11:19:32 DEBUG] [__init__:472][39m No controls to apply on 'activity'
[32m[2026-01-16 11:19:32 INFO] [activity:232][39m Probe: api-responds
[36m[2026-01-16 11:19:34 DEBUG] [activity:260][39m   => succeeded with '{'status': 200, 'headers': {'Server': 'Werkzeug/3.1.5 Python/3.13.9', 'Date': 'Fri, 16 Jan 2026 16:19:34 GMT', 'Content-Type': 'application/json', 'Content-Length': '16', 'Connection': 'close'}, 'body': {'status': 'ok'}}'
[36m[2026-01-16 11:19:34 DEBUG] [__init__:472][39m No controls to apply on 'activity'
[36m[2026-01-16 11:19:34 DEBUG] [hypothesis:247][39m allowed tolerance is 200
[32m[2026-01-16 11:19:34 INFO] [hypothesis:260][39m Steady state hypothesis is met!
[36m[2026-01-16 11:19:34 DEBUG] [__init__:472][39m No controls to apply on 'hypothesis'
[32m[2026-01-16 11:19:34 INFO] [run:778][39m Playing your experiment's method now...
[36m[2026-01-16 11:19:34 DEBUG] [__init__:472][39m No controls to apply on 'method'
[36m[2026-01-16 11:19:34 DEBUG] [__init__:472][39m No controls to apply on 'activity'
[32m[2026-01-16 11:19:34 INFO] [activity:232][39m Action: kill-backend-service
[36m[2026-01-16 11:19:34 DEBUG] [process:52][39m Running: C:\WINDOWS\System32\WindowsPowerShell\v1.0\powershell.EXE -Command Stop-Process -Id (Get-Content service.pid) -Force
[36m[2026-01-16 11:19:36 DEBUG] [activity:260][39m   => succeeded with '{'status': 0, 'stdout': '', 'stderr': ''}'
[36m[2026-01-16 11:19:36 DEBUG] [__init__:472][39m No controls to apply on 'activity'
[36m[2026-01-16 11:19:36 DEBUG] [__init__:472][39m No controls to apply on 'activity'
[32m[2026-01-16 11:19:36 INFO] [activity:232][39m Probe: wait-for-recovery
[36m[2026-01-16 11:19:40 DEBUG] [activity:317][39m Activity failed
    Traceback (most recent call last):
      File "C:\Users\ferkhan\AppData\Local\Packages\PythonSoftwareFoundation.Python.3.13_qbz5n2kfra8p0\LocalCache\local-packages\Python313\site-packages\urllib3\connection.py", line 204, in _new_conn
        sock = connection.create_connection(
            (self._dns_host, self.port),
        ...<2 lines>...
            socket_options=self.socket_options,
        )
      File "C:\Users\ferkhan\AppData\Local\Packages\PythonSoftwareFoundation.Python.3.13_qbz5n2kfra8p0\LocalCache\local-packages\Python313\site-packages\urllib3\util\connection.py", line 85, in create_connection
        raise err
      File "C:\Users\ferkhan\AppData\Local\Packages\PythonSoftwareFoundation.Python.3.13_qbz5n2kfra8p0\LocalCache\local-packages\Python313\site-packages\urllib3\util\connection.py", line 73, in create_connection
        sock.connect(sa)
        ~~~~~~~~~~~~^^^^
    ConnectionRefusedError: [WinError 10061] No connection could be made because the target machine actively refused it
    
    The above exception was the direct cause of the following exception:
    
    Traceback (most recent call last):
      File "C:\Users\ferkhan\AppData\Local\Packages\PythonSoftwareFoundation.Python.3.13_qbz5n2kfra8p0\LocalCache\local-packages\Python313\site-packages\urllib3\connectionpool.py", line 787, in urlopen
        response = self._make_request(
            conn,
        ...<10 lines>...
            **response_kw,
        )
      File "C:\Users\ferkhan\AppData\Local\Packages\PythonSoftwareFoundation.Python.3.13_qbz5n2kfra8p0\LocalCache\local-packages\Python313\site-packages\urllib3\connectionpool.py", line 493, in _make_request
        conn.request(
        ~~~~~~~~~~~~^
            method,
            ^^^^^^^
        ...<6 lines>...
            enforce_content_length=enforce_content_length,
            ^^^^^^^^^^^^^^^^^^^^^^^^^^^^^^^^^^^^^^^^^^^^^^
        )
        ^
      File "C:\Users\ferkhan\AppData\Local\Packages\PythonSoftwareFoundation.Python.3.13_qbz5n2kfra8p0\LocalCache\local-packages\Python313\site-packages\urllib3\connection.py", line 500, in request
        self.endheaders()
        ~~~~~~~~~~~~~~~^^
      File "C:\Program Files\WindowsApps\PythonSoftwareFoundation.Python.3.13_3.13.2544.0_x64__qbz5n2kfra8p0\Lib\http\client.py", line 1333, in endheaders
        self._send_output(message_body, encode_chunked=encode_chunked)
        ~~~~~~~~~~~~~~~~~^^^^^^^^^^^^^^^^^^^^^^^^^^^^^^^^^^^^^^^^^^^^^
      File "C:\Program Files\WindowsApps\PythonSoftwareFoundation.Python.3.13_3.13.2544.0_x64__qbz5n2kfra8p0\Lib\http\client.py", line 1093, in _send_output
        self.send(msg)
        ~~~~~~~~~^^^^^
      File "C:\Program Files\WindowsApps\PythonSoftwareFoundation.Python.3.13_3.13.2544.0_x64__qbz5n2kfra8p0\Lib\http\client.py", line 1037, in send
        self.connect()
        ~~~~~~~~~~~~^^
      File "C:\Users\ferkhan\AppData\Local\Packages\PythonSoftwareFoundation.Python.3.13_qbz5n2kfra8p0\LocalCache\local-packages\Python313\site-packages\urllib3\connection.py", line 331, in connect
        self.sock = self._new_conn()
                    ~~~~~~~~~~~~~~^^
      File "C:\Users\ferkhan\AppData\Local\Packages\PythonSoftwareFoundation.Python.3.13_qbz5n2kfra8p0\LocalCache\local-packages\Python313\site-packages\urllib3\connection.py", line 219, in _new_conn
        raise NewConnectionError(
            self, f"Failed to establish a new connection: {e}"
        ) from e
    urllib3.exceptions.NewConnectionError: HTTPConnection(host='localhost', port=8080): Failed to establish a new connection: [WinError 10061] No connection could be made because the target machine actively refused it
    
    The above exception was the direct cause of the following exception:
    
    Traceback (most recent call last):
      File "C:\Users\ferkhan\AppData\Local\Packages\PythonSoftwareFoundation.Python.3.13_qbz5n2kfra8p0\LocalCache\local-packages\Python313\site-packages\requests\adapters.py", line 644, in send
        resp = conn.urlopen(
            method=request.method,
        ...<9 lines>...
            chunked=chunked,
        )
      File "C:\Users\ferkhan\AppData\Local\Packages\PythonSoftwareFoundation.Python.3.13_qbz5n2kfra8p0\LocalCache\local-packages\Python313\site-packages\urllib3\connectionpool.py", line 841, in urlopen
        retries = retries.increment(
            method, url, error=new_e, _pool=self, _stacktrace=sys.exc_info()[2]
        )
      File "C:\Users\ferkhan\AppData\Local\Packages\PythonSoftwareFoundation.Python.3.13_qbz5n2kfra8p0\LocalCache\local-packages\Python313\site-packages\urllib3\util\retry.py", line 535, in increment
        raise MaxRetryError(_pool, url, reason) from reason  # type: ignore[arg-type]
        ^^^^^^^^^^^^^^^^^^^^^^^^^^^^^^^^^^^^^^^^^^^^^^^^^^^
    urllib3.exceptions.MaxRetryError: HTTPConnectionPool(host='localhost', port=8080): Max retries exceeded with url: /health (Caused by NewConnectionError("HTTPConnection(host='localhost', port=8080): Failed to establish a new connection: [WinError 10061] No connection could be made because the target machine actively refused it"))
    
    During handling of the above exception, another exception occurred:
    
    Traceback (most recent call last):
      File "C:\Users\ferkhan\AppData\Local\Packages\PythonSoftwareFoundation.Python.3.13_qbz5n2kfra8p0\LocalCache\local-packages\Python313\site-packages\chaoslib\provider\http.py", line 51, in run_http_activity
        r = s.get(
            url,
        ...<3 lines>...
            verify=verify_tls,
        )
      File "C:\Users\ferkhan\AppData\Local\Packages\PythonSoftwareFoundation.Python.3.13_qbz5n2kfra8p0\LocalCache\local-packages\Python313\site-packages\requests\sessions.py", line 602, in get
        return self.request("GET", url, **kwargs)
               ~~~~~~~~~~~~^^^^^^^^^^^^^^^^^^^^^^
      File "C:\Users\ferkhan\AppData\Local\Packages\PythonSoftwareFoundation.Python.3.13_qbz5n2kfra8p0\LocalCache\local-packages\Python313\site-packages\requests\sessions.py", line 589, in request
        resp = self.send(prep, **send_kwargs)
      File "C:\Users\ferkhan\AppData\Local\Packages\PythonSoftwareFoundation.Python.3.13_qbz5n2kfra8p0\LocalCache\local-packages\Python313\site-packages\requests\sessions.py", line 703, in send
        r = adapter.send(request, **kwargs)
      File "C:\Users\ferkhan\AppData\Local\Packages\PythonSoftwareFoundation.Python.3.13_qbz5n2kfra8p0\LocalCache\local-packages\Python313\site-packages\requests\adapters.py", line 677, in send
        raise ConnectionError(e, request=request)
    requests.exceptions.ConnectionError: HTTPConnectionPool(host='localhost', port=8080): Max retries exceeded with url: /health (Caused by NewConnectionError("HTTPConnection(host='localhost', port=8080): Failed to establish a new connection: [WinError 10061] No connection could be made because the target machine actively refused it"))
    
    During handling of the above exception, another exception occurred:
    
    Traceback (most recent call last):
      File "C:\Users\ferkhan\AppData\Local\Packages\PythonSoftwareFoundation.Python.3.13_qbz5n2kfra8p0\LocalCache\local-packages\Python313\site-packages\chaoslib\activity.py", line 314, in run_activity
        result = run_http_activity(activity, configuration, secrets)
      File "C:\Users\ferkhan\AppData\Local\Packages\PythonSoftwareFoundation.Python.3.13_qbz5n2kfra8p0\LocalCache\local-packages\Python313\site-packages\chaoslib\provider\http.py", line 101, in run_http_activity
        raise ActivityFailed(f"failed to connect to {url}: {str(cex)}")
    chaoslib.exceptions.ActivityFailed: failed to connect to http://localhost:8080/health: HTTPConnectionPool(host='localhost', port=8080): Max retries exceeded with url: /health (Caused by NewConnectionError("HTTPConnection(host='localhost', port=8080): Failed to establish a new connection: [WinError 10061] No connection could be made because the target machine actively refused it"))
[31m[2026-01-16 11:19:40 ERROR] [activity:268][39m   => failed: failed to connect to http://localhost:8080/health: HTTPConnectionPool(host='localhost', port=8080): Max retries exceeded with url: /health (Caused by NewConnectionError("HTTPConnection(host='localhost', port=8080): Failed to establish a new connection: [WinError 10061] No connection could be made because the target machine actively refused it"))
[36m[2026-01-16 11:19:40 DEBUG] [__init__:472][39m No controls to apply on 'activity'
[36m[2026-01-16 11:19:40 DEBUG] [__init__:472][39m No controls to apply on 'method'
[36m[2026-01-16 11:19:40 DEBUG] [run:696][39m Running steady-state hypothesis after the method
[32m[2026-01-16 11:19:40 INFO] [hypothesis:205][39m Steady state hypothesis: Service is responding normally
[36m[2026-01-16 11:19:40 DEBUG] [__init__:472][39m No controls to apply on 'hypothesis'
[36m[2026-01-16 11:19:40 DEBUG] [__init__:472][39m No controls to apply on 'activity'
[32m[2026-01-16 11:19:40 INFO] [activity:232][39m Probe: service-is-running
[36m[2026-01-16 11:19:40 DEBUG] [activity:260][39m   => succeeded with 'True'
[36m[2026-01-16 11:19:40 DEBUG] [__init__:472][39m No controls to apply on 'activity'
[36m[2026-01-16 11:19:40 DEBUG] [hypothesis:247][39m allowed tolerance is True
[36m[2026-01-16 11:19:40 DEBUG] [__init__:472][39m No controls to apply on 'activity'
[32m[2026-01-16 11:19:40 INFO] [activity:232][39m Probe: api-responds
[36m[2026-01-16 11:19:44 DEBUG] [activity:317][39m Activity failed
    Traceback (most recent call last):
      File "C:\Users\ferkhan\AppData\Local\Packages\PythonSoftwareFoundation.Python.3.13_qbz5n2kfra8p0\LocalCache\local-packages\Python313\site-packages\urllib3\connection.py", line 204, in _new_conn
        sock = connection.create_connection(
            (self._dns_host, self.port),
        ...<2 lines>...
            socket_options=self.socket_options,
        )
      File "C:\Users\ferkhan\AppData\Local\Packages\PythonSoftwareFoundation.Python.3.13_qbz5n2kfra8p0\LocalCache\local-packages\Python313\site-packages\urllib3\util\connection.py", line 85, in create_connection
        raise err
      File "C:\Users\ferkhan\AppData\Local\Packages\PythonSoftwareFoundation.Python.3.13_qbz5n2kfra8p0\LocalCache\local-packages\Python313\site-packages\urllib3\util\connection.py", line 73, in create_connection
        sock.connect(sa)
        ~~~~~~~~~~~~^^^^
    ConnectionRefusedError: [WinError 10061] No connection could be made because the target machine actively refused it
    
    The above exception was the direct cause of the following exception:
    
    Traceback (most recent call last):
      File "C:\Users\ferkhan\AppData\Local\Packages\PythonSoftwareFoundation.Python.3.13_qbz5n2kfra8p0\LocalCache\local-packages\Python313\site-packages\urllib3\connectionpool.py", line 787, in urlopen
        response = self._make_request(
            conn,
        ...<10 lines>...
            **response_kw,
        )
      File "C:\Users\ferkhan\AppData\Local\Packages\PythonSoftwareFoundation.Python.3.13_qbz5n2kfra8p0\LocalCache\local-packages\Python313\site-packages\urllib3\connectionpool.py", line 493, in _make_request
        conn.request(
        ~~~~~~~~~~~~^
            method,
            ^^^^^^^
        ...<6 lines>...
            enforce_content_length=enforce_content_length,
            ^^^^^^^^^^^^^^^^^^^^^^^^^^^^^^^^^^^^^^^^^^^^^^
        )
        ^
      File "C:\Users\ferkhan\AppData\Local\Packages\PythonSoftwareFoundation.Python.3.13_qbz5n2kfra8p0\LocalCache\local-packages\Python313\site-packages\urllib3\connection.py", line 500, in request
        self.endheaders()
        ~~~~~~~~~~~~~~~^^
      File "C:\Program Files\WindowsApps\PythonSoftwareFoundation.Python.3.13_3.13.2544.0_x64__qbz5n2kfra8p0\Lib\http\client.py", line 1333, in endheaders
        self._send_output(message_body, encode_chunked=encode_chunked)
        ~~~~~~~~~~~~~~~~~^^^^^^^^^^^^^^^^^^^^^^^^^^^^^^^^^^^^^^^^^^^^^
      File "C:\Program Files\WindowsApps\PythonSoftwareFoundation.Python.3.13_3.13.2544.0_x64__qbz5n2kfra8p0\Lib\http\client.py", line 1093, in _send_output
        self.send(msg)
        ~~~~~~~~~^^^^^
      File "C:\Program Files\WindowsApps\PythonSoftwareFoundation.Python.3.13_3.13.2544.0_x64__qbz5n2kfra8p0\Lib\http\client.py", line 1037, in send
        self.connect()
        ~~~~~~~~~~~~^^
      File "C:\Users\ferkhan\AppData\Local\Packages\PythonSoftwareFoundation.Python.3.13_qbz5n2kfra8p0\LocalCache\local-packages\Python313\site-packages\urllib3\connection.py", line 331, in connect
        self.sock = self._new_conn()
                    ~~~~~~~~~~~~~~^^
      File "C:\Users\ferkhan\AppData\Local\Packages\PythonSoftwareFoundation.Python.3.13_qbz5n2kfra8p0\LocalCache\local-packages\Python313\site-packages\urllib3\connection.py", line 219, in _new_conn
        raise NewConnectionError(
            self, f"Failed to establish a new connection: {e}"
        ) from e
    urllib3.exceptions.NewConnectionError: HTTPConnection(host='localhost', port=8080): Failed to establish a new connection: [WinError 10061] No connection could be made because the target machine actively refused it
    
    The above exception was the direct cause of the following exception:
    
    Traceback (most recent call last):
      File "C:\Users\ferkhan\AppData\Local\Packages\PythonSoftwareFoundation.Python.3.13_qbz5n2kfra8p0\LocalCache\local-packages\Python313\site-packages\requests\adapters.py", line 644, in send
        resp = conn.urlopen(
            method=request.method,
        ...<9 lines>...
            chunked=chunked,
        )
      File "C:\Users\ferkhan\AppData\Local\Packages\PythonSoftwareFoundation.Python.3.13_qbz5n2kfra8p0\LocalCache\local-packages\Python313\site-packages\urllib3\connectionpool.py", line 841, in urlopen
        retries = retries.increment(
            method, url, error=new_e, _pool=self, _stacktrace=sys.exc_info()[2]
        )
      File "C:\Users\ferkhan\AppData\Local\Packages\PythonSoftwareFoundation.Python.3.13_qbz5n2kfra8p0\LocalCache\local-packages\Python313\site-packages\urllib3\util\retry.py", line 535, in increment
        raise MaxRetryError(_pool, url, reason) from reason  # type: ignore[arg-type]
        ^^^^^^^^^^^^^^^^^^^^^^^^^^^^^^^^^^^^^^^^^^^^^^^^^^^
    urllib3.exceptions.MaxRetryError: HTTPConnectionPool(host='localhost', port=8080): Max retries exceeded with url: /health (Caused by NewConnectionError("HTTPConnection(host='localhost', port=8080): Failed to establish a new connection: [WinError 10061] No connection could be made because the target machine actively refused it"))
    
    During handling of the above exception, another exception occurred:
    
    Traceback (most recent call last):
      File "C:\Users\ferkhan\AppData\Local\Packages\PythonSoftwareFoundation.Python.3.13_qbz5n2kfra8p0\LocalCache\local-packages\Python313\site-packages\chaoslib\provider\http.py", line 51, in run_http_activity
        r = s.get(
            url,
        ...<3 lines>...
            verify=verify_tls,
        )
      File "C:\Users\ferkhan\AppData\Local\Packages\PythonSoftwareFoundation.Python.3.13_qbz5n2kfra8p0\LocalCache\local-packages\Python313\site-packages\requests\sessions.py", line 602, in get
        return self.request("GET", url, **kwargs)
               ~~~~~~~~~~~~^^^^^^^^^^^^^^^^^^^^^^
      File "C:\Users\ferkhan\AppData\Local\Packages\PythonSoftwareFoundation.Python.3.13_qbz5n2kfra8p0\LocalCache\local-packages\Python313\site-packages\requests\sessions.py", line 589, in request
        resp = self.send(prep, **send_kwargs)
      File "C:\Users\ferkhan\AppData\Local\Packages\PythonSoftwareFoundation.Python.3.13_qbz5n2kfra8p0\LocalCache\local-packages\Python313\site-packages\requests\sessions.py", line 703, in send
        r = adapter.send(request, **kwargs)
      File "C:\Users\ferkhan\AppData\Local\Packages\PythonSoftwareFoundation.Python.3.13_qbz5n2kfra8p0\LocalCache\local-packages\Python313\site-packages\requests\adapters.py", line 677, in send
        raise ConnectionError(e, request=request)
    requests.exceptions.ConnectionError: HTTPConnectionPool(host='localhost', port=8080): Max retries exceeded with url: /health (Caused by NewConnectionError("HTTPConnection(host='localhost', port=8080): Failed to establish a new connection: [WinError 10061] No connection could be made because the target machine actively refused it"))
    
    During handling of the above exception, another exception occurred:
    
    Traceback (most recent call last):
      File "C:\Users\ferkhan\AppData\Local\Packages\PythonSoftwareFoundation.Python.3.13_qbz5n2kfra8p0\LocalCache\local-packages\Python313\site-packages\chaoslib\activity.py", line 314, in run_activity
        result = run_http_activity(activity, configuration, secrets)
      File "C:\Users\ferkhan\AppData\Local\Packages\PythonSoftwareFoundation.Python.3.13_qbz5n2kfra8p0\LocalCache\local-packages\Python313\site-packages\chaoslib\provider\http.py", line 101, in run_http_activity
        raise ActivityFailed(f"failed to connect to {url}: {str(cex)}")
    chaoslib.exceptions.ActivityFailed: failed to connect to http://localhost:8080/health: HTTPConnectionPool(host='localhost', port=8080): Max retries exceeded with url: /health (Caused by NewConnectionError("HTTPConnection(host='localhost', port=8080): Failed to establish a new connection: [WinError 10061] No connection could be made because the target machine actively refused it"))
[31m[2026-01-16 11:19:44 ERROR] [activity:268][39m   => failed: failed to connect to http://localhost:8080/health: HTTPConnectionPool(host='localhost', port=8080): Max retries exceeded with url: /health (Caused by NewConnectionError("HTTPConnection(host='localhost', port=8080): Failed to establish a new connection: [WinError 10061] No connection could be made because the target machine actively refused it"))
[36m[2026-01-16 11:19:44 DEBUG] [__init__:472][39m No controls to apply on 'activity'
[33m[2026-01-16 11:19:44 WARNING] [hypothesis:232][39m Probe terminated unexpectedly, so its tolerance could not be validated
[36m[2026-01-16 11:19:44 DEBUG] [__init__:472][39m No controls to apply on 'hypothesis'
[31m[2026-01-16 11:19:44 CRITICAL] [run:716][39m Steady state probe 'api-responds' is not in the given tolerance so failing this experiment
[32m[2026-01-16 11:19:44 INFO] [run:598][39m Experiment ended with status: deviated
[32m[2026-01-16 11:19:44 INFO] [run:600][39m The steady-state has deviated, a weakness may have been discovered
[36m[2026-01-16 11:19:44 DEBUG] [__init__:472][39m No controls to apply on 'experiment'
[36m[2026-01-16 11:19:44 DEBUG] [__init__:106][39m Cleaning up controls
[36m[2026-01-16 11:19:44 DEBUG] [caching:42][39m Clearing activities cache
[36m[2026-01-16 11:51:51 DEBUG] [__init__:101][39m ###############################################################################
[36m[2026-01-16 11:51:51 DEBUG] [__init__:102][39m Running command 'run'
[36m[2026-01-16 11:51:51 DEBUG] [__init__:106][39m Using settings file 'C:\Users\ferkhan\.chaostoolkit\settings.yaml'
[36m[2026-01-16 11:51:52 DEBUG] [settings:31][39m The Chaos Toolkit settings file could not be found at 'C:\Users\ferkhan\.chaostoolkit\settings.yaml'.
[36m[2026-01-16 11:51:52 DEBUG] [__init__:472][39m No controls to apply on 'loader'
[36m[2026-01-16 11:51:52 DEBUG] [__init__:472][39m No controls to apply on 'loader'
[36m[2026-01-16 11:51:52 DEBUG] [caching:24][39m Building activity cache...
[36m[2026-01-16 11:51:52 DEBUG] [caching:35][39m Cached 4 activities
[32m[2026-01-16 11:51:52 INFO] [experiment:59][39m Validating the experiment's syntax
[36m[2026-01-16 11:51:52 DEBUG] [configuration:64][39m Loading configuration...
[36m[2026-01-16 11:51:52 DEBUG] [secret:79][39m Loading secrets...
[36m[2026-01-16 11:51:52 DEBUG] [secret:104][39m Done loading secrets
[32m[2026-01-16 11:51:52 INFO] [experiment:112][39m Experiment looks valid
[36m[2026-01-16 11:51:52 DEBUG] [caching:42][39m Clearing activities cache
[36m[2026-01-16 11:51:52 DEBUG] [run:224][39m Runtime strategies: hypothesis - default / rollbacks - default
[36m[2026-01-16 11:51:52 DEBUG] [caching:24][39m Building activity cache...
[36m[2026-01-16 11:51:52 DEBUG] [caching:35][39m Cached 4 activities
[36m[2026-01-16 11:51:52 DEBUG] [configuration:64][39m Loading configuration...
[36m[2026-01-16 11:51:52 DEBUG] [secret:79][39m Loading secrets...
[36m[2026-01-16 11:51:52 DEBUG] [secret:104][39m Done loading secrets
[36m[2026-01-16 11:51:52 DEBUG] [configuration:161][39m Loading dynamic configuration...
[36m[2026-01-16 11:51:52 DEBUG] [exit:91][39m System 'Windows-11-10.0.26200-SP0' does not expose SIGUSR signals
[32m[2026-01-16 11:51:52 INFO] [run:440][39m Running experiment: What happens if a backend service crashes?
[36m[2026-01-16 11:51:52 DEBUG] [__init__:67][39m Initializing controls
[32m[2026-01-16 11:51:52 INFO] [run:471][39m Steady-state strategy: default
[32m[2026-01-16 11:51:52 INFO] [run:477][39m Rollbacks strategy: default
[36m[2026-01-16 11:51:52 DEBUG] [__init__:472][39m No controls to apply on 'experiment'
[36m[2026-01-16 11:51:52 DEBUG] [run:654][39m Running steady-state hypothesis before the method
[32m[2026-01-16 11:51:52 INFO] [hypothesis:205][39m Steady state hypothesis: Service is responding normally
[36m[2026-01-16 11:51:52 DEBUG] [__init__:472][39m No controls to apply on 'hypothesis'
[36m[2026-01-16 11:51:52 DEBUG] [__init__:472][39m No controls to apply on 'activity'
[32m[2026-01-16 11:51:52 INFO] [activity:232][39m Probe: service-is-running
[36m[2026-01-16 11:51:52 DEBUG] [activity:260][39m   => succeeded with 'True'
[36m[2026-01-16 11:51:52 DEBUG] [__init__:472][39m No controls to apply on 'activity'
[36m[2026-01-16 11:51:52 DEBUG] [hypothesis:247][39m allowed tolerance is True
[36m[2026-01-16 11:51:52 DEBUG] [__init__:472][39m No controls to apply on 'activity'
[32m[2026-01-16 11:51:52 INFO] [activity:232][39m Probe: api-responds
[36m[2026-01-16 11:51:54 DEBUG] [activity:260][39m   => succeeded with '{'status': 200, 'headers': {'Server': 'Werkzeug/3.1.5 Python/3.13.9', 'Date': 'Fri, 16 Jan 2026 16:51:54 GMT', 'Content-Type': 'application/json', 'Content-Length': '16', 'Connection': 'close'}, 'body': {'status': 'ok'}}'
[36m[2026-01-16 11:51:54 DEBUG] [__init__:472][39m No controls to apply on 'activity'
[36m[2026-01-16 11:51:54 DEBUG] [hypothesis:247][39m allowed tolerance is 200
[32m[2026-01-16 11:51:54 INFO] [hypothesis:260][39m Steady state hypothesis is met!
[36m[2026-01-16 11:51:54 DEBUG] [__init__:472][39m No controls to apply on 'hypothesis'
[32m[2026-01-16 11:51:54 INFO] [run:778][39m Playing your experiment's method now...
[36m[2026-01-16 11:51:54 DEBUG] [__init__:472][39m No controls to apply on 'method'
[36m[2026-01-16 11:51:54 DEBUG] [__init__:472][39m No controls to apply on 'activity'
[32m[2026-01-16 11:51:54 INFO] [activity:232][39m Action: kill-backend-service
[36m[2026-01-16 11:51:54 DEBUG] [process:52][39m Running: C:\WINDOWS\System32\WindowsPowerShell\v1.0\powershell.EXE -Command Stop-Process -Id (Get-Content service.pid) -Force
[36m[2026-01-16 11:51:55 DEBUG] [activity:260][39m   => succeeded with '{'status': 0, 'stdout': '', 'stderr': ''}'
[36m[2026-01-16 11:51:55 DEBUG] [__init__:472][39m No controls to apply on 'activity'
[36m[2026-01-16 11:51:55 DEBUG] [__init__:472][39m No controls to apply on 'activity'
[32m[2026-01-16 11:51:55 INFO] [activity:232][39m Probe: wait-for-recovery
[36m[2026-01-16 11:51:59 DEBUG] [activity:317][39m Activity failed
    Traceback (most recent call last):
      File "C:\Users\ferkhan\AppData\Local\Packages\PythonSoftwareFoundation.Python.3.13_qbz5n2kfra8p0\LocalCache\local-packages\Python313\site-packages\urllib3\connection.py", line 204, in _new_conn
        sock = connection.create_connection(
            (self._dns_host, self.port),
        ...<2 lines>...
            socket_options=self.socket_options,
        )
      File "C:\Users\ferkhan\AppData\Local\Packages\PythonSoftwareFoundation.Python.3.13_qbz5n2kfra8p0\LocalCache\local-packages\Python313\site-packages\urllib3\util\connection.py", line 85, in create_connection
        raise err
      File "C:\Users\ferkhan\AppData\Local\Packages\PythonSoftwareFoundation.Python.3.13_qbz5n2kfra8p0\LocalCache\local-packages\Python313\site-packages\urllib3\util\connection.py", line 73, in create_connection
        sock.connect(sa)
        ~~~~~~~~~~~~^^^^
    ConnectionRefusedError: [WinError 10061] No connection could be made because the target machine actively refused it
    
    The above exception was the direct cause of the following exception:
    
    Traceback (most recent call last):
      File "C:\Users\ferkhan\AppData\Local\Packages\PythonSoftwareFoundation.Python.3.13_qbz5n2kfra8p0\LocalCache\local-packages\Python313\site-packages\urllib3\connectionpool.py", line 787, in urlopen
        response = self._make_request(
            conn,
        ...<10 lines>...
            **response_kw,
        )
      File "C:\Users\ferkhan\AppData\Local\Packages\PythonSoftwareFoundation.Python.3.13_qbz5n2kfra8p0\LocalCache\local-packages\Python313\site-packages\urllib3\connectionpool.py", line 493, in _make_request
        conn.request(
        ~~~~~~~~~~~~^
            method,
            ^^^^^^^
        ...<6 lines>...
            enforce_content_length=enforce_content_length,
            ^^^^^^^^^^^^^^^^^^^^^^^^^^^^^^^^^^^^^^^^^^^^^^
        )
        ^
      File "C:\Users\ferkhan\AppData\Local\Packages\PythonSoftwareFoundation.Python.3.13_qbz5n2kfra8p0\LocalCache\local-packages\Python313\site-packages\urllib3\connection.py", line 500, in request
        self.endheaders()
        ~~~~~~~~~~~~~~~^^
      File "C:\Program Files\WindowsApps\PythonSoftwareFoundation.Python.3.13_3.13.2544.0_x64__qbz5n2kfra8p0\Lib\http\client.py", line 1333, in endheaders
        self._send_output(message_body, encode_chunked=encode_chunked)
        ~~~~~~~~~~~~~~~~~^^^^^^^^^^^^^^^^^^^^^^^^^^^^^^^^^^^^^^^^^^^^^
      File "C:\Program Files\WindowsApps\PythonSoftwareFoundation.Python.3.13_3.13.2544.0_x64__qbz5n2kfra8p0\Lib\http\client.py", line 1093, in _send_output
        self.send(msg)
        ~~~~~~~~~^^^^^
      File "C:\Program Files\WindowsApps\PythonSoftwareFoundation.Python.3.13_3.13.2544.0_x64__qbz5n2kfra8p0\Lib\http\client.py", line 1037, in send
        self.connect()
        ~~~~~~~~~~~~^^
      File "C:\Users\ferkhan\AppData\Local\Packages\PythonSoftwareFoundation.Python.3.13_qbz5n2kfra8p0\LocalCache\local-packages\Python313\site-packages\urllib3\connection.py", line 331, in connect
        self.sock = self._new_conn()
                    ~~~~~~~~~~~~~~^^
      File "C:\Users\ferkhan\AppData\Local\Packages\PythonSoftwareFoundation.Python.3.13_qbz5n2kfra8p0\LocalCache\local-packages\Python313\site-packages\urllib3\connection.py", line 219, in _new_conn
        raise NewConnectionError(
            self, f"Failed to establish a new connection: {e}"
        ) from e
    urllib3.exceptions.NewConnectionError: HTTPConnection(host='localhost', port=8080): Failed to establish a new connection: [WinError 10061] No connection could be made because the target machine actively refused it
    
    The above exception was the direct cause of the following exception:
    
    Traceback (most recent call last):
      File "C:\Users\ferkhan\AppData\Local\Packages\PythonSoftwareFoundation.Python.3.13_qbz5n2kfra8p0\LocalCache\local-packages\Python313\site-packages\requests\adapters.py", line 644, in send
        resp = conn.urlopen(
            method=request.method,
        ...<9 lines>...
            chunked=chunked,
        )
      File "C:\Users\ferkhan\AppData\Local\Packages\PythonSoftwareFoundation.Python.3.13_qbz5n2kfra8p0\LocalCache\local-packages\Python313\site-packages\urllib3\connectionpool.py", line 841, in urlopen
        retries = retries.increment(
            method, url, error=new_e, _pool=self, _stacktrace=sys.exc_info()[2]
        )
      File "C:\Users\ferkhan\AppData\Local\Packages\PythonSoftwareFoundation.Python.3.13_qbz5n2kfra8p0\LocalCache\local-packages\Python313\site-packages\urllib3\util\retry.py", line 535, in increment
        raise MaxRetryError(_pool, url, reason) from reason  # type: ignore[arg-type]
        ^^^^^^^^^^^^^^^^^^^^^^^^^^^^^^^^^^^^^^^^^^^^^^^^^^^
    urllib3.exceptions.MaxRetryError: HTTPConnectionPool(host='localhost', port=8080): Max retries exceeded with url: /health (Caused by NewConnectionError("HTTPConnection(host='localhost', port=8080): Failed to establish a new connection: [WinError 10061] No connection could be made because the target machine actively refused it"))
    
    During handling of the above exception, another exception occurred:
    
    Traceback (most recent call last):
      File "C:\Users\ferkhan\AppData\Local\Packages\PythonSoftwareFoundation.Python.3.13_qbz5n2kfra8p0\LocalCache\local-packages\Python313\site-packages\chaoslib\provider\http.py", line 51, in run_http_activity
        r = s.get(
            url,
        ...<3 lines>...
            verify=verify_tls,
        )
      File "C:\Users\ferkhan\AppData\Local\Packages\PythonSoftwareFoundation.Python.3.13_qbz5n2kfra8p0\LocalCache\local-packages\Python313\site-packages\requests\sessions.py", line 602, in get
        return self.request("GET", url, **kwargs)
               ~~~~~~~~~~~~^^^^^^^^^^^^^^^^^^^^^^
      File "C:\Users\ferkhan\AppData\Local\Packages\PythonSoftwareFoundation.Python.3.13_qbz5n2kfra8p0\LocalCache\local-packages\Python313\site-packages\requests\sessions.py", line 589, in request
        resp = self.send(prep, **send_kwargs)
      File "C:\Users\ferkhan\AppData\Local\Packages\PythonSoftwareFoundation.Python.3.13_qbz5n2kfra8p0\LocalCache\local-packages\Python313\site-packages\requests\sessions.py", line 703, in send
        r = adapter.send(request, **kwargs)
      File "C:\Users\ferkhan\AppData\Local\Packages\PythonSoftwareFoundation.Python.3.13_qbz5n2kfra8p0\LocalCache\local-packages\Python313\site-packages\requests\adapters.py", line 677, in send
        raise ConnectionError(e, request=request)
    requests.exceptions.ConnectionError: HTTPConnectionPool(host='localhost', port=8080): Max retries exceeded with url: /health (Caused by NewConnectionError("HTTPConnection(host='localhost', port=8080): Failed to establish a new connection: [WinError 10061] No connection could be made because the target machine actively refused it"))
    
    During handling of the above exception, another exception occurred:
    
    Traceback (most recent call last):
      File "C:\Users\ferkhan\AppData\Local\Packages\PythonSoftwareFoundation.Python.3.13_qbz5n2kfra8p0\LocalCache\local-packages\Python313\site-packages\chaoslib\activity.py", line 314, in run_activity
        result = run_http_activity(activity, configuration, secrets)
      File "C:\Users\ferkhan\AppData\Local\Packages\PythonSoftwareFoundation.Python.3.13_qbz5n2kfra8p0\LocalCache\local-packages\Python313\site-packages\chaoslib\provider\http.py", line 101, in run_http_activity
        raise ActivityFailed(f"failed to connect to {url}: {str(cex)}")
    chaoslib.exceptions.ActivityFailed: failed to connect to http://localhost:8080/health: HTTPConnectionPool(host='localhost', port=8080): Max retries exceeded with url: /health (Caused by NewConnectionError("HTTPConnection(host='localhost', port=8080): Failed to establish a new connection: [WinError 10061] No connection could be made because the target machine actively refused it"))
[31m[2026-01-16 11:51:59 ERROR] [activity:268][39m   => failed: failed to connect to http://localhost:8080/health: HTTPConnectionPool(host='localhost', port=8080): Max retries exceeded with url: /health (Caused by NewConnectionError("HTTPConnection(host='localhost', port=8080): Failed to establish a new connection: [WinError 10061] No connection could be made because the target machine actively refused it"))
[36m[2026-01-16 11:51:59 DEBUG] [__init__:472][39m No controls to apply on 'activity'
[36m[2026-01-16 11:51:59 DEBUG] [__init__:472][39m No controls to apply on 'method'
[36m[2026-01-16 11:51:59 DEBUG] [run:696][39m Running steady-state hypothesis after the method
[32m[2026-01-16 11:51:59 INFO] [hypothesis:205][39m Steady state hypothesis: Service is responding normally
[36m[2026-01-16 11:51:59 DEBUG] [__init__:472][39m No controls to apply on 'hypothesis'
[36m[2026-01-16 11:51:59 DEBUG] [__init__:472][39m No controls to apply on 'activity'
[32m[2026-01-16 11:51:59 INFO] [activity:232][39m Probe: service-is-running
[36m[2026-01-16 11:51:59 DEBUG] [activity:260][39m   => succeeded with 'True'
[36m[2026-01-16 11:51:59 DEBUG] [__init__:472][39m No controls to apply on 'activity'
[36m[2026-01-16 11:51:59 DEBUG] [hypothesis:247][39m allowed tolerance is True
[36m[2026-01-16 11:51:59 DEBUG] [__init__:472][39m No controls to apply on 'activity'
[32m[2026-01-16 11:51:59 INFO] [activity:232][39m Probe: api-responds
[36m[2026-01-16 11:52:03 DEBUG] [activity:317][39m Activity failed
    Traceback (most recent call last):
      File "C:\Users\ferkhan\AppData\Local\Packages\PythonSoftwareFoundation.Python.3.13_qbz5n2kfra8p0\LocalCache\local-packages\Python313\site-packages\urllib3\connection.py", line 204, in _new_conn
        sock = connection.create_connection(
            (self._dns_host, self.port),
        ...<2 lines>...
            socket_options=self.socket_options,
        )
      File "C:\Users\ferkhan\AppData\Local\Packages\PythonSoftwareFoundation.Python.3.13_qbz5n2kfra8p0\LocalCache\local-packages\Python313\site-packages\urllib3\util\connection.py", line 85, in create_connection
        raise err
      File "C:\Users\ferkhan\AppData\Local\Packages\PythonSoftwareFoundation.Python.3.13_qbz5n2kfra8p0\LocalCache\local-packages\Python313\site-packages\urllib3\util\connection.py", line 73, in create_connection
        sock.connect(sa)
        ~~~~~~~~~~~~^^^^
    ConnectionRefusedError: [WinError 10061] No connection could be made because the target machine actively refused it
    
    The above exception was the direct cause of the following exception:
    
    Traceback (most recent call last):
      File "C:\Users\ferkhan\AppData\Local\Packages\PythonSoftwareFoundation.Python.3.13_qbz5n2kfra8p0\LocalCache\local-packages\Python313\site-packages\urllib3\connectionpool.py", line 787, in urlopen
        response = self._make_request(
            conn,
        ...<10 lines>...
            **response_kw,
        )
      File "C:\Users\ferkhan\AppData\Local\Packages\PythonSoftwareFoundation.Python.3.13_qbz5n2kfra8p0\LocalCache\local-packages\Python313\site-packages\urllib3\connectionpool.py", line 493, in _make_request
        conn.request(
        ~~~~~~~~~~~~^
            method,
            ^^^^^^^
        ...<6 lines>...
            enforce_content_length=enforce_content_length,
            ^^^^^^^^^^^^^^^^^^^^^^^^^^^^^^^^^^^^^^^^^^^^^^
        )
        ^
      File "C:\Users\ferkhan\AppData\Local\Packages\PythonSoftwareFoundation.Python.3.13_qbz5n2kfra8p0\LocalCache\local-packages\Python313\site-packages\urllib3\connection.py", line 500, in request
        self.endheaders()
        ~~~~~~~~~~~~~~~^^
      File "C:\Program Files\WindowsApps\PythonSoftwareFoundation.Python.3.13_3.13.2544.0_x64__qbz5n2kfra8p0\Lib\http\client.py", line 1333, in endheaders
        self._send_output(message_body, encode_chunked=encode_chunked)
        ~~~~~~~~~~~~~~~~~^^^^^^^^^^^^^^^^^^^^^^^^^^^^^^^^^^^^^^^^^^^^^
      File "C:\Program Files\WindowsApps\PythonSoftwareFoundation.Python.3.13_3.13.2544.0_x64__qbz5n2kfra8p0\Lib\http\client.py", line 1093, in _send_output
        self.send(msg)
        ~~~~~~~~~^^^^^
      File "C:\Program Files\WindowsApps\PythonSoftwareFoundation.Python.3.13_3.13.2544.0_x64__qbz5n2kfra8p0\Lib\http\client.py", line 1037, in send
        self.connect()
        ~~~~~~~~~~~~^^
      File "C:\Users\ferkhan\AppData\Local\Packages\PythonSoftwareFoundation.Python.3.13_qbz5n2kfra8p0\LocalCache\local-packages\Python313\site-packages\urllib3\connection.py", line 331, in connect
        self.sock = self._new_conn()
                    ~~~~~~~~~~~~~~^^
      File "C:\Users\ferkhan\AppData\Local\Packages\PythonSoftwareFoundation.Python.3.13_qbz5n2kfra8p0\LocalCache\local-packages\Python313\site-packages\urllib3\connection.py", line 219, in _new_conn
        raise NewConnectionError(
            self, f"Failed to establish a new connection: {e}"
        ) from e
    urllib3.exceptions.NewConnectionError: HTTPConnection(host='localhost', port=8080): Failed to establish a new connection: [WinError 10061] No connection could be made because the target machine actively refused it
    
    The above exception was the direct cause of the following exception:
    
    Traceback (most recent call last):
      File "C:\Users\ferkhan\AppData\Local\Packages\PythonSoftwareFoundation.Python.3.13_qbz5n2kfra8p0\LocalCache\local-packages\Python313\site-packages\requests\adapters.py", line 644, in send
        resp = conn.urlopen(
            method=request.method,
        ...<9 lines>...
            chunked=chunked,
        )
      File "C:\Users\ferkhan\AppData\Local\Packages\PythonSoftwareFoundation.Python.3.13_qbz5n2kfra8p0\LocalCache\local-packages\Python313\site-packages\urllib3\connectionpool.py", line 841, in urlopen
        retries = retries.increment(
            method, url, error=new_e, _pool=self, _stacktrace=sys.exc_info()[2]
        )
      File "C:\Users\ferkhan\AppData\Local\Packages\PythonSoftwareFoundation.Python.3.13_qbz5n2kfra8p0\LocalCache\local-packages\Python313\site-packages\urllib3\util\retry.py", line 535, in increment
        raise MaxRetryError(_pool, url, reason) from reason  # type: ignore[arg-type]
        ^^^^^^^^^^^^^^^^^^^^^^^^^^^^^^^^^^^^^^^^^^^^^^^^^^^
    urllib3.exceptions.MaxRetryError: HTTPConnectionPool(host='localhost', port=8080): Max retries exceeded with url: /health (Caused by NewConnectionError("HTTPConnection(host='localhost', port=8080): Failed to establish a new connection: [WinError 10061] No connection could be made because the target machine actively refused it"))
    
    During handling of the above exception, another exception occurred:
    
    Traceback (most recent call last):
      File "C:\Users\ferkhan\AppData\Local\Packages\PythonSoftwareFoundation.Python.3.13_qbz5n2kfra8p0\LocalCache\local-packages\Python313\site-packages\chaoslib\provider\http.py", line 51, in run_http_activity
        r = s.get(
            url,
        ...<3 lines>...
            verify=verify_tls,
        )
      File "C:\Users\ferkhan\AppData\Local\Packages\PythonSoftwareFoundation.Python.3.13_qbz5n2kfra8p0\LocalCache\local-packages\Python313\site-packages\requests\sessions.py", line 602, in get
        return self.request("GET", url, **kwargs)
               ~~~~~~~~~~~~^^^^^^^^^^^^^^^^^^^^^^
      File "C:\Users\ferkhan\AppData\Local\Packages\PythonSoftwareFoundation.Python.3.13_qbz5n2kfra8p0\LocalCache\local-packages\Python313\site-packages\requests\sessions.py", line 589, in request
        resp = self.send(prep, **send_kwargs)
      File "C:\Users\ferkhan\AppData\Local\Packages\PythonSoftwareFoundation.Python.3.13_qbz5n2kfra8p0\LocalCache\local-packages\Python313\site-packages\requests\sessions.py", line 703, in send
        r = adapter.send(request, **kwargs)
      File "C:\Users\ferkhan\AppData\Local\Packages\PythonSoftwareFoundation.Python.3.13_qbz5n2kfra8p0\LocalCache\local-packages\Python313\site-packages\requests\adapters.py", line 677, in send
        raise ConnectionError(e, request=request)
    requests.exceptions.ConnectionError: HTTPConnectionPool(host='localhost', port=8080): Max retries exceeded with url: /health (Caused by NewConnectionError("HTTPConnection(host='localhost', port=8080): Failed to establish a new connection: [WinError 10061] No connection could be made because the target machine actively refused it"))
    
    During handling of the above exception, another exception occurred:
    
    Traceback (most recent call last):
      File "C:\Users\ferkhan\AppData\Local\Packages\PythonSoftwareFoundation.Python.3.13_qbz5n2kfra8p0\LocalCache\local-packages\Python313\site-packages\chaoslib\activity.py", line 314, in run_activity
        result = run_http_activity(activity, configuration, secrets)
      File "C:\Users\ferkhan\AppData\Local\Packages\PythonSoftwareFoundation.Python.3.13_qbz5n2kfra8p0\LocalCache\local-packages\Python313\site-packages\chaoslib\provider\http.py", line 101, in run_http_activity
        raise ActivityFailed(f"failed to connect to {url}: {str(cex)}")
    chaoslib.exceptions.ActivityFailed: failed to connect to http://localhost:8080/health: HTTPConnectionPool(host='localhost', port=8080): Max retries exceeded with url: /health (Caused by NewConnectionError("HTTPConnection(host='localhost', port=8080): Failed to establish a new connection: [WinError 10061] No connection could be made because the target machine actively refused it"))
[31m[2026-01-16 11:52:03 ERROR] [activity:268][39m   => failed: failed to connect to http://localhost:8080/health: HTTPConnectionPool(host='localhost', port=8080): Max retries exceeded with url: /health (Caused by NewConnectionError("HTTPConnection(host='localhost', port=8080): Failed to establish a new connection: [WinError 10061] No connection could be made because the target machine actively refused it"))
[36m[2026-01-16 11:52:03 DEBUG] [__init__:472][39m No controls to apply on 'activity'
[33m[2026-01-16 11:52:03 WARNING] [hypothesis:232][39m Probe terminated unexpectedly, so its tolerance could not be validated
[36m[2026-01-16 11:52:03 DEBUG] [__init__:472][39m No controls to apply on 'hypothesis'
[31m[2026-01-16 11:52:03 CRITICAL] [run:716][39m Steady state probe 'api-responds' is not in the given tolerance so failing this experiment
[32m[2026-01-16 11:52:03 INFO] [run:598][39m Experiment ended with status: deviated
[32m[2026-01-16 11:52:03 INFO] [run:600][39m The steady-state has deviated, a weakness may have been discovered
[36m[2026-01-16 11:52:03 DEBUG] [__init__:472][39m No controls to apply on 'experiment'
[36m[2026-01-16 11:52:03 DEBUG] [__init__:106][39m Cleaning up controls
[36m[2026-01-16 11:52:03 DEBUG] [caching:42][39m Clearing activities cache
